2016-04-14 5:44:45 - PHP Warning:  Invalid argument supplied for foreach() in G:\www\vkline\admin\controller\module\featured.php on line 124
2016-04-14 5:45:04 - PHP Warning:  Invalid argument supplied for foreach() in G:\www\vkline\admin\controller\module\featured.php on line 124
2016-04-14 6:32:00 - PHP Notice:  Undefined variable: description in G:\www\vkline\catalog\view\theme\theme638\template\module\tm_newsletter.tpl on line 7
2016-04-14 9:55:08 - PHP Notice:  Undefined variable: languages in G:\www\vkline\admin\view\template\module\olark.tpl on line 64
2016-04-14 9:55:08 - PHP Warning:  Invalid argument supplied for foreach() in G:\www\vkline\admin\view\template\module\olark.tpl on line 64
2016-05-18 9:30:54 - PHP Notice:  Undefined variable: description in G:\www\vkline\catalog\view\theme\theme638\template\module\tm_newsletter.tpl on line 7
2016-05-18 9:31:00 - PHP Notice:  Undefined variable: description in G:\www\vkline\catalog\view\theme\theme638\template\module\tm_newsletter.tpl on line 7
2016-05-18 9:33:14 - PHP Notice:  Undefined variable: description in G:\www\vkline\catalog\view\theme\theme638\template\module\tm_newsletter.tpl on line 7
2016-05-18 9:33:19 - PHP Notice:  Undefined variable: description in G:\www\vkline\catalog\view\theme\theme638\template\module\tm_newsletter.tpl on line 7
2016-05-18 9:33:20 - PHP Notice:  Undefined variable: description in G:\www\vkline\catalog\view\theme\theme638\template\module\tm_newsletter.tpl on line 7
2016-05-19 6:27:58 - PHP Notice:  Undefined variable: description in G:\www\vkline\catalog\view\theme\theme638\template\module\tm_newsletter.tpl on line 5
2016-05-19 6:27:58 - PHP Notice:  Undefined variable: description in G:\www\vkline\catalog\view\theme\theme638\template\module\tm_newsletter.tpl on line 8
2016-05-19 6:27:58 - PHP Notice:  Undefined variable: description in G:\www\vkline\catalog\view\theme\theme638\template\module\tm_newsletter.tpl on line 8
2016-05-23 11:00:15 - PHP Notice:  Undefined variable: data in G:\www\vkline\catalog\controller\information\landing.php on line 7
2016-05-23 11:00:15 - PHP Warning:  extract() expects parameter 1 to be array, null given in G:\www\vkline\system\storage\modification\system\engine\loader.php on line 76
2016-05-23 11:00:15 - PHP Notice:  Undefined variable: header in G:\www\vkline\catalog\view\theme\theme638\template\information\landing.tpl on line 1
2016-05-23 11:00:15 - PHP Notice:  Undefined variable: breadcrumbs in G:\www\vkline\catalog\view\theme\theme638\template\information\landing.tpl on line 4
2016-05-23 11:00:15 - PHP Warning:  Invalid argument supplied for foreach() in G:\www\vkline\catalog\view\theme\theme638\template\information\landing.tpl on line 4
2016-05-23 11:00:15 - PHP Notice:  Undefined variable: column_left in G:\www\vkline\catalog\view\theme\theme638\template\information\landing.tpl on line 8
2016-05-23 11:00:15 - PHP Notice:  Undefined variable: column_left in G:\www\vkline\catalog\view\theme\theme638\template\information\landing.tpl on line 9
2016-05-23 11:00:15 - PHP Notice:  Undefined variable: column_left in G:\www\vkline\catalog\view\theme\theme638\template\information\landing.tpl on line 11
2016-05-23 11:00:15 - PHP Notice:  Undefined variable: column_right in G:\www\vkline\catalog\view\theme\theme638\template\information\landing.tpl on line 11
2016-05-23 11:00:15 - PHP Notice:  Undefined variable: content_top in G:\www\vkline\catalog\view\theme\theme638\template\information\landing.tpl on line 17
2016-05-23 11:00:15 - PHP Notice:  Undefined variable: heading_title in G:\www\vkline\catalog\view\theme\theme638\template\information\landing.tpl on line 18
2016-05-23 11:00:15 - PHP Notice:  Undefined variable: text_category in G:\www\vkline\catalog\view\theme\theme638\template\information\landing.tpl on line 21
2016-05-23 11:00:15 - PHP Notice:  Undefined variable: categories in G:\www\vkline\catalog\view\theme\theme638\template\information\landing.tpl on line 23
2016-05-23 11:00:15 - PHP Warning:  Invalid argument supplied for foreach() in G:\www\vkline\catalog\view\theme\theme638\template\information\landing.tpl on line 23
2016-05-23 11:00:15 - PHP Notice:  Undefined variable: text_information in G:\www\vkline\catalog\view\theme\theme638\template\information\landing.tpl on line 47
2016-05-23 11:00:15 - PHP Notice:  Undefined variable: informations in G:\www\vkline\catalog\view\theme\theme638\template\information\landing.tpl on line 49
2016-05-23 11:00:15 - PHP Warning:  Invalid argument supplied for foreach() in G:\www\vkline\catalog\view\theme\theme638\template\information\landing.tpl on line 49
2016-05-23 11:00:15 - PHP Notice:  Undefined variable: contact in G:\www\vkline\catalog\view\theme\theme638\template\information\landing.tpl on line 52
2016-05-23 11:00:15 - PHP Notice:  Undefined variable: text_contact in G:\www\vkline\catalog\view\theme\theme638\template\information\landing.tpl on line 52
2016-05-23 11:00:15 - PHP Notice:  Undefined variable: text_pages in G:\www\vkline\catalog\view\theme\theme638\template\information\landing.tpl on line 56
2016-05-23 11:00:15 - PHP Notice:  Undefined variable: special in G:\www\vkline\catalog\view\theme\theme638\template\information\landing.tpl on line 58
2016-05-23 11:00:15 - PHP Notice:  Undefined variable: text_special in G:\www\vkline\catalog\view\theme\theme638\template\information\landing.tpl on line 58
2016-05-23 11:00:15 - PHP Notice:  Undefined variable: account in G:\www\vkline\catalog\view\theme\theme638\template\information\landing.tpl on line 59
2016-05-23 11:00:15 - PHP Notice:  Undefined variable: text_account in G:\www\vkline\catalog\view\theme\theme638\template\information\landing.tpl on line 59
2016-05-23 11:00:15 - PHP Notice:  Undefined variable: cart in G:\www\vkline\catalog\view\theme\theme638\template\information\landing.tpl on line 60
2016-05-23 11:00:15 - PHP Notice:  Undefined variable: text_cart in G:\www\vkline\catalog\view\theme\theme638\template\information\landing.tpl on line 60
2016-05-23 11:00:15 - PHP Notice:  Undefined variable: checkout in G:\www\vkline\catalog\view\theme\theme638\template\information\landing.tpl on line 61
2016-05-23 11:00:15 - PHP Notice:  Undefined variable: text_checkout in G:\www\vkline\catalog\view\theme\theme638\template\information\landing.tpl on line 61
2016-05-23 11:00:15 - PHP Notice:  Undefined variable: search in G:\www\vkline\catalog\view\theme\theme638\template\information\landing.tpl on line 62
2016-05-23 11:00:15 - PHP Notice:  Undefined variable: text_search in G:\www\vkline\catalog\view\theme\theme638\template\information\landing.tpl on line 62
2016-05-23 11:00:15 - PHP Notice:  Undefined variable: text_account in G:\www\vkline\catalog\view\theme\theme638\template\information\landing.tpl on line 65
2016-05-23 11:00:15 - PHP Notice:  Undefined variable: edit in G:\www\vkline\catalog\view\theme\theme638\template\information\landing.tpl on line 67
2016-05-23 11:00:15 - PHP Notice:  Undefined variable: text_edit in G:\www\vkline\catalog\view\theme\theme638\template\information\landing.tpl on line 67
2016-05-23 11:00:15 - PHP Notice:  Undefined variable: password in G:\www\vkline\catalog\view\theme\theme638\template\information\landing.tpl on line 68
2016-05-23 11:00:15 - PHP Notice:  Undefined variable: text_password in G:\www\vkline\catalog\view\theme\theme638\template\information\landing.tpl on line 68
2016-05-23 11:00:15 - PHP Notice:  Undefined variable: address in G:\www\vkline\catalog\view\theme\theme638\template\information\landing.tpl on line 69
2016-05-23 11:00:15 - PHP Notice:  Undefined variable: text_address in G:\www\vkline\catalog\view\theme\theme638\template\information\landing.tpl on line 69
2016-05-23 11:00:15 - PHP Notice:  Undefined variable: history in G:\www\vkline\catalog\view\theme\theme638\template\information\landing.tpl on line 70
2016-05-23 11:00:15 - PHP Notice:  Undefined variable: text_history in G:\www\vkline\catalog\view\theme\theme638\template\information\landing.tpl on line 70
2016-05-23 11:00:15 - PHP Notice:  Undefined variable: download in G:\www\vkline\catalog\view\theme\theme638\template\information\landing.tpl on line 71
2016-05-23 11:00:15 - PHP Notice:  Undefined variable: text_download in G:\www\vkline\catalog\view\theme\theme638\template\information\landing.tpl on line 71
2016-05-23 11:00:15 - PHP Notice:  Undefined variable: content_bottom in G:\www\vkline\catalog\view\theme\theme638\template\information\landing.tpl on line 78
2016-05-23 11:00:15 - PHP Notice:  Undefined variable: column_right in G:\www\vkline\catalog\view\theme\theme638\template\information\landing.tpl on line 79
2016-05-23 11:00:15 - PHP Notice:  Undefined variable: footer in G:\www\vkline\catalog\view\theme\theme638\template\information\landing.tpl on line 81
2016-05-23 11:00:57 - PHP Notice:  Undefined variable: data in G:\www\vkline\catalog\controller\information\landing.php on line 7
2016-05-23 11:00:57 - PHP Warning:  extract() expects parameter 1 to be array, null given in G:\www\vkline\system\storage\modification\system\engine\loader.php on line 76
2016-05-23 11:00:57 - PHP Notice:  Undefined variable: content_top in G:\www\vkline\catalog\view\theme\theme638\template\information\landing.tpl on line 2
2016-05-23 11:00:59 - PHP Notice:  Undefined variable: data in G:\www\vkline\catalog\controller\information\landing.php on line 7
2016-05-23 11:00:59 - PHP Warning:  extract() expects parameter 1 to be array, null given in G:\www\vkline\system\storage\modification\system\engine\loader.php on line 76
2016-05-23 11:00:59 - PHP Notice:  Undefined variable: content_top in G:\www\vkline\catalog\view\theme\theme638\template\information\landing.tpl on line 2
2016-05-23 11:01:54 - PHP Notice:  Undefined variable: data in G:\www\vkline\catalog\controller\information\landing.php on line 6
2016-05-23 11:01:54 - PHP Warning:  extract() expects parameter 1 to be array, null given in G:\www\vkline\system\storage\modification\system\engine\loader.php on line 76
2016-05-23 11:01:54 - PHP Notice:  Undefined variable: content_top in G:\www\vkline\catalog\view\theme\theme638\template\information\landing.tpl on line 2
2016-05-24 4:20:24 - PHP Warning:  extract() expects parameter 1 to be array, null given in G:\www\vkline\system\storage\modification\system\engine\loader.php on line 76
2016-05-24 4:20:24 - PHP Notice:  Undefined variable: content_top in G:\www\vkline\catalog\view\theme\theme638\template\information\landing.tpl on line 2
2016-05-24 4:20:24 - PHP Warning:  extract() expects parameter 1 to be array, null given in G:\www\vkline\system\storage\modification\system\engine\loader.php on line 76
2016-05-24 4:20:24 - PHP Notice:  Undefined variable: content_top in G:\www\vkline\catalog\view\theme\theme638\template\information\landing.tpl on line 2
2016-05-24 4:20:52 - PHP Notice:  Undefined variable: content_top in G:\www\vkline\catalog\view\theme\theme638\template\information\landing.tpl on line 2
2016-05-24 4:24:25 - PHP Notice:  Undefined variable: direction in G:\www\vkline\catalog\view\theme\theme638\template\information\landing.tpl on line 4
2016-05-24 4:24:25 - PHP Notice:  Undefined variable: lang in G:\www\vkline\catalog\view\theme\theme638\template\information\landing.tpl on line 4
2016-05-24 4:24:25 - PHP Notice:  Undefined variable: direction in G:\www\vkline\catalog\view\theme\theme638\template\information\landing.tpl on line 6
2016-05-24 4:24:25 - PHP Notice:  Undefined variable: lang in G:\www\vkline\catalog\view\theme\theme638\template\information\landing.tpl on line 6
2016-05-24 4:24:25 - PHP Notice:  Undefined variable: direction in G:\www\vkline\catalog\view\theme\theme638\template\information\landing.tpl on line 8
2016-05-24 4:24:25 - PHP Notice:  Undefined variable: lang in G:\www\vkline\catalog\view\theme\theme638\template\information\landing.tpl on line 8
2016-05-24 4:24:25 - PHP Notice:  Undefined variable: title in G:\www\vkline\catalog\view\theme\theme638\template\information\landing.tpl on line 20
2016-05-24 4:24:25 - PHP Notice:  Undefined variable: base in G:\www\vkline\catalog\view\theme\theme638\template\information\landing.tpl on line 21
2016-05-24 4:24:25 - PHP Notice:  Undefined variable: description in G:\www\vkline\catalog\view\theme\theme638\template\information\landing.tpl on line 22
2016-05-24 4:24:25 - PHP Notice:  Undefined variable: keywords in G:\www\vkline\catalog\view\theme\theme638\template\information\landing.tpl on line 25
2016-05-24 4:24:25 - PHP Notice:  Undefined variable: theme_path in G:\www\vkline\catalog\view\theme\theme638\template\information\landing.tpl on line 41
2016-05-24 4:24:25 - PHP Notice:  Undefined variable: theme_path in G:\www\vkline\catalog\view\theme\theme638\template\information\landing.tpl on line 42
2016-05-24 4:24:25 - PHP Notice:  Undefined variable: theme_path in G:\www\vkline\catalog\view\theme\theme638\template\information\landing.tpl on line 43
2016-05-24 4:24:25 - PHP Notice:  Undefined variable: theme_path in G:\www\vkline\catalog\view\theme\theme638\template\information\landing.tpl on line 44
2016-05-24 4:24:25 - PHP Notice:  Undefined variable: theme_path in G:\www\vkline\catalog\view\theme\theme638\template\information\landing.tpl on line 45
2016-05-24 4:24:25 - PHP Notice:  Undefined variable: theme_path in G:\www\vkline\catalog\view\theme\theme638\template\information\landing.tpl on line 46
2016-05-24 4:24:25 - PHP Notice:  Undefined variable: theme_path in G:\www\vkline\catalog\view\theme\theme638\template\information\landing.tpl on line 47
2016-05-24 4:24:25 - PHP Notice:  Undefined variable: theme_path in G:\www\vkline\catalog\view\theme\theme638\template\information\landing.tpl on line 48
2016-05-24 4:24:25 - PHP Notice:  Undefined variable: theme_path in G:\www\vkline\catalog\view\theme\theme638\template\information\landing.tpl on line 49
2016-05-24 4:24:25 - PHP Notice:  Undefined variable: styles in G:\www\vkline\catalog\view\theme\theme638\template\information\landing.tpl on line 50
2016-05-24 4:24:25 - PHP Warning:  Invalid argument supplied for foreach() in G:\www\vkline\catalog\view\theme\theme638\template\information\landing.tpl on line 50
2016-05-24 4:24:25 - PHP Notice:  Undefined variable: theme_path in G:\www\vkline\catalog\view\theme\theme638\template\information\landing.tpl on line 54
2016-05-24 4:24:25 - PHP Notice:  Undefined variable: theme_path in G:\www\vkline\catalog\view\theme\theme638\template\information\landing.tpl on line 56
2016-05-24 4:24:25 - PHP Notice:  Undefined variable: links in G:\www\vkline\catalog\view\theme\theme638\template\information\landing.tpl on line 57
2016-05-24 4:24:25 - PHP Warning:  Invalid argument supplied for foreach() in G:\www\vkline\catalog\view\theme\theme638\template\information\landing.tpl on line 57
2016-05-24 4:24:25 - PHP Notice:  Undefined variable: scripts in G:\www\vkline\catalog\view\theme\theme638\template\information\landing.tpl on line 61
2016-05-24 4:24:25 - PHP Warning:  Invalid argument supplied for foreach() in G:\www\vkline\catalog\view\theme\theme638\template\information\landing.tpl on line 61
2016-05-24 4:24:25 - PHP Notice:  Undefined variable: theme_path in G:\www\vkline\catalog\view\theme\theme638\template\information\landing.tpl on line 66
2016-05-24 4:24:25 - PHP Notice:  Undefined variable: theme_path in G:\www\vkline\catalog\view\theme\theme638\template\information\landing.tpl on line 70
2016-05-24 4:24:25 - PHP Notice:  Undefined variable: analytics in G:\www\vkline\catalog\view\theme\theme638\template\information\landing.tpl on line 75
2016-05-24 4:24:25 - PHP Warning:  Invalid argument supplied for foreach() in G:\www\vkline\catalog\view\theme\theme638\template\information\landing.tpl on line 75
2016-05-24 4:24:25 - PHP Notice:  Undefined variable: theme_path in G:\www\vkline\catalog\view\theme\theme638\template\information\landing.tpl on line 78
2016-05-24 4:24:25 - PHP Notice:  Undefined variable: class in G:\www\vkline\catalog\view\theme\theme638\template\information\landing.tpl on line 80
2016-05-24 4:24:25 - PHP Notice:  Undefined variable: theme_path in G:\www\vkline\catalog\view\theme\theme638\template\information\landing.tpl on line 81
2016-05-24 4:27:09 - PHP Notice:  Undefined variable: direction in G:\www\vkline\catalog\view\theme\theme638\template\information\landing.tpl on line 4
2016-05-24 4:27:09 - PHP Notice:  Undefined variable: lang in G:\www\vkline\catalog\view\theme\theme638\template\information\landing.tpl on line 4
2016-05-24 4:27:09 - PHP Notice:  Undefined variable: direction in G:\www\vkline\catalog\view\theme\theme638\template\information\landing.tpl on line 6
2016-05-24 4:27:09 - PHP Notice:  Undefined variable: lang in G:\www\vkline\catalog\view\theme\theme638\template\information\landing.tpl on line 6
2016-05-24 4:27:09 - PHP Notice:  Undefined variable: direction in G:\www\vkline\catalog\view\theme\theme638\template\information\landing.tpl on line 8
2016-05-24 4:27:09 - PHP Notice:  Undefined variable: lang in G:\www\vkline\catalog\view\theme\theme638\template\information\landing.tpl on line 8
2016-05-24 4:27:09 - PHP Notice:  Undefined variable: title in G:\www\vkline\catalog\view\theme\theme638\template\information\landing.tpl on line 20
2016-05-24 4:27:09 - PHP Notice:  Undefined variable: base in G:\www\vkline\catalog\view\theme\theme638\template\information\landing.tpl on line 21
2016-05-24 4:27:09 - PHP Notice:  Undefined variable: description in G:\www\vkline\catalog\view\theme\theme638\template\information\landing.tpl on line 22
2016-05-24 4:27:09 - PHP Notice:  Undefined variable: keywords in G:\www\vkline\catalog\view\theme\theme638\template\information\landing.tpl on line 25
2016-05-24 4:27:09 - PHP Notice:  Undefined variable: styles in G:\www\vkline\catalog\view\theme\theme638\template\information\landing.tpl on line 50
2016-05-24 4:27:09 - PHP Warning:  Invalid argument supplied for foreach() in G:\www\vkline\catalog\view\theme\theme638\template\information\landing.tpl on line 50
2016-05-24 4:27:09 - PHP Notice:  Undefined variable: links in G:\www\vkline\catalog\view\theme\theme638\template\information\landing.tpl on line 57
2016-05-24 4:27:09 - PHP Warning:  Invalid argument supplied for foreach() in G:\www\vkline\catalog\view\theme\theme638\template\information\landing.tpl on line 57
2016-05-24 4:27:09 - PHP Notice:  Undefined variable: scripts in G:\www\vkline\catalog\view\theme\theme638\template\information\landing.tpl on line 61
2016-05-24 4:27:09 - PHP Warning:  Invalid argument supplied for foreach() in G:\www\vkline\catalog\view\theme\theme638\template\information\landing.tpl on line 61
2016-05-24 4:27:09 - PHP Notice:  Undefined variable: analytics in G:\www\vkline\catalog\view\theme\theme638\template\information\landing.tpl on line 75
2016-05-24 4:27:09 - PHP Warning:  Invalid argument supplied for foreach() in G:\www\vkline\catalog\view\theme\theme638\template\information\landing.tpl on line 75
2016-05-24 4:27:09 - PHP Notice:  Undefined variable: class in G:\www\vkline\catalog\view\theme\theme638\template\information\landing.tpl on line 80
2016-05-24 4:28:56 - PHP Notice:  Undefined variable: direction in G:\www\vkline\catalog\view\theme\theme638\template\information\landing.tpl on line 4
2016-05-24 4:28:56 - PHP Notice:  Undefined variable: lang in G:\www\vkline\catalog\view\theme\theme638\template\information\landing.tpl on line 4
2016-05-24 4:28:56 - PHP Notice:  Undefined variable: direction in G:\www\vkline\catalog\view\theme\theme638\template\information\landing.tpl on line 6
2016-05-24 4:28:56 - PHP Notice:  Undefined variable: lang in G:\www\vkline\catalog\view\theme\theme638\template\information\landing.tpl on line 6
2016-05-24 4:28:56 - PHP Notice:  Undefined variable: direction in G:\www\vkline\catalog\view\theme\theme638\template\information\landing.tpl on line 8
2016-05-24 4:28:56 - PHP Notice:  Undefined variable: lang in G:\www\vkline\catalog\view\theme\theme638\template\information\landing.tpl on line 8
2016-05-24 4:28:56 - PHP Notice:  Undefined variable: title in G:\www\vkline\catalog\view\theme\theme638\template\information\landing.tpl on line 20
2016-05-24 4:28:56 - PHP Notice:  Undefined variable: analytics in G:\www\vkline\catalog\view\theme\theme638\template\information\landing.tpl on line 53
2016-05-24 4:28:56 - PHP Warning:  Invalid argument supplied for foreach() in G:\www\vkline\catalog\view\theme\theme638\template\information\landing.tpl on line 53
2016-05-24 4:28:56 - PHP Notice:  Undefined variable: class in G:\www\vkline\catalog\view\theme\theme638\template\information\landing.tpl on line 58
2016-05-24 4:29:23 - PHP Notice:  Undefined variable: direction in G:\www\vkline\catalog\view\theme\theme638\template\information\landing.tpl on line 4
2016-05-24 4:29:23 - PHP Notice:  Undefined variable: lang in G:\www\vkline\catalog\view\theme\theme638\template\information\landing.tpl on line 4
2016-05-24 4:29:23 - PHP Notice:  Undefined variable: direction in G:\www\vkline\catalog\view\theme\theme638\template\information\landing.tpl on line 6
2016-05-24 4:29:23 - PHP Notice:  Undefined variable: lang in G:\www\vkline\catalog\view\theme\theme638\template\information\landing.tpl on line 6
2016-05-24 4:29:23 - PHP Notice:  Undefined variable: direction in G:\www\vkline\catalog\view\theme\theme638\template\information\landing.tpl on line 8
2016-05-24 4:29:23 - PHP Notice:  Undefined variable: lang in G:\www\vkline\catalog\view\theme\theme638\template\information\landing.tpl on line 8
2016-05-24 4:29:23 - PHP Notice:  Undefined variable: title in G:\www\vkline\catalog\view\theme\theme638\template\information\landing.tpl on line 20
2016-05-24 4:29:23 - PHP Notice:  Undefined variable: class in G:\www\vkline\catalog\view\theme\theme638\template\information\landing.tpl on line 55
2016-05-24 4:30:07 - PHP Notice:  Undefined variable: direction in G:\www\vkline\catalog\view\theme\theme638\template\information\landing.tpl on line 4
2016-05-24 4:30:07 - PHP Notice:  Undefined variable: lang in G:\www\vkline\catalog\view\theme\theme638\template\information\landing.tpl on line 4
2016-05-24 4:30:07 - PHP Notice:  Undefined variable: direction in G:\www\vkline\catalog\view\theme\theme638\template\information\landing.tpl on line 6
2016-05-24 4:30:07 - PHP Notice:  Undefined variable: lang in G:\www\vkline\catalog\view\theme\theme638\template\information\landing.tpl on line 6
2016-05-24 4:30:07 - PHP Notice:  Undefined variable: direction in G:\www\vkline\catalog\view\theme\theme638\template\information\landing.tpl on line 8
2016-05-24 4:30:07 - PHP Notice:  Undefined variable: lang in G:\www\vkline\catalog\view\theme\theme638\template\information\landing.tpl on line 8
2016-05-24 4:30:07 - PHP Notice:  Undefined variable: title in G:\www\vkline\catalog\view\theme\theme638\template\information\landing.tpl on line 20
2016-05-24 4:30:21 - PHP Notice:  Undefined variable: direction in G:\www\vkline\catalog\view\theme\theme638\template\information\landing.tpl on line 4
2016-05-24 4:30:21 - PHP Notice:  Undefined variable: lang in G:\www\vkline\catalog\view\theme\theme638\template\information\landing.tpl on line 4
2016-05-24 4:30:21 - PHP Notice:  Undefined variable: direction in G:\www\vkline\catalog\view\theme\theme638\template\information\landing.tpl on line 6
2016-05-24 4:30:21 - PHP Notice:  Undefined variable: lang in G:\www\vkline\catalog\view\theme\theme638\template\information\landing.tpl on line 6
2016-05-24 4:30:21 - PHP Notice:  Undefined variable: direction in G:\www\vkline\catalog\view\theme\theme638\template\information\landing.tpl on line 8
2016-05-24 4:30:21 - PHP Notice:  Undefined variable: lang in G:\www\vkline\catalog\view\theme\theme638\template\information\landing.tpl on line 8
2016-05-24 4:30:21 - PHP Notice:  Undefined variable: title in G:\www\vkline\catalog\view\theme\theme638\template\information\landing.tpl on line 20
2016-05-24 4:31:10 - PHP Notice:  Undefined variable: direction in G:\www\vkline\catalog\view\theme\theme638\template\information\landing.tpl on line 4
2016-05-24 4:31:10 - PHP Notice:  Undefined variable: lang in G:\www\vkline\catalog\view\theme\theme638\template\information\landing.tpl on line 4
2016-05-24 4:31:10 - PHP Notice:  Undefined variable: direction in G:\www\vkline\catalog\view\theme\theme638\template\information\landing.tpl on line 6
2016-05-24 4:31:10 - PHP Notice:  Undefined variable: lang in G:\www\vkline\catalog\view\theme\theme638\template\information\landing.tpl on line 6
2016-05-24 4:31:10 - PHP Notice:  Undefined variable: direction in G:\www\vkline\catalog\view\theme\theme638\template\information\landing.tpl on line 8
2016-05-24 4:31:10 - PHP Notice:  Undefined variable: lang in G:\www\vkline\catalog\view\theme\theme638\template\information\landing.tpl on line 8
2016-05-24 4:31:10 - PHP Notice:  Undefined variable: title in G:\www\vkline\catalog\view\theme\theme638\template\information\landing.tpl on line 20
2016-05-24 4:32:03 - PHP Notice:  Undefined variable: direction in G:\www\vkline\catalog\view\theme\theme638\template\information\landing.tpl on line 4
2016-05-24 4:32:03 - PHP Notice:  Undefined variable: lang in G:\www\vkline\catalog\view\theme\theme638\template\information\landing.tpl on line 4
2016-05-24 4:32:03 - PHP Notice:  Undefined variable: direction in G:\www\vkline\catalog\view\theme\theme638\template\information\landing.tpl on line 6
2016-05-24 4:32:03 - PHP Notice:  Undefined variable: lang in G:\www\vkline\catalog\view\theme\theme638\template\information\landing.tpl on line 6
2016-05-24 4:32:03 - PHP Notice:  Undefined variable: direction in G:\www\vkline\catalog\view\theme\theme638\template\information\landing.tpl on line 8
2016-05-24 4:32:03 - PHP Notice:  Undefined variable: lang in G:\www\vkline\catalog\view\theme\theme638\template\information\landing.tpl on line 8
2016-05-24 4:32:03 - PHP Notice:  Undefined variable: title in G:\www\vkline\catalog\view\theme\theme638\template\information\landing.tpl on line 20
2016-05-24 4:32:27 - PHP Notice:  Undefined variable: direction in G:\www\vkline\catalog\view\theme\theme638\template\information\landing.tpl on line 4
2016-05-24 4:32:27 - PHP Notice:  Undefined variable: lang in G:\www\vkline\catalog\view\theme\theme638\template\information\landing.tpl on line 4
2016-05-24 4:32:27 - PHP Notice:  Undefined variable: direction in G:\www\vkline\catalog\view\theme\theme638\template\information\landing.tpl on line 6
2016-05-24 4:32:27 - PHP Notice:  Undefined variable: lang in G:\www\vkline\catalog\view\theme\theme638\template\information\landing.tpl on line 6
2016-05-24 4:32:27 - PHP Notice:  Undefined variable: direction in G:\www\vkline\catalog\view\theme\theme638\template\information\landing.tpl on line 8
2016-05-24 4:32:27 - PHP Notice:  Undefined variable: lang in G:\www\vkline\catalog\view\theme\theme638\template\information\landing.tpl on line 8
2016-05-24 4:33:46 - PHP Notice:  Undefined variable: direction in G:\www\vkline\catalog\view\theme\theme638\template\information\landing.tpl on line 4
2016-05-24 4:33:46 - PHP Notice:  Undefined variable: lang in G:\www\vkline\catalog\view\theme\theme638\template\information\landing.tpl on line 4
2016-05-24 4:33:46 - PHP Notice:  Undefined variable: direction in G:\www\vkline\catalog\view\theme\theme638\template\information\landing.tpl on line 6
2016-05-24 4:33:46 - PHP Notice:  Undefined variable: lang in G:\www\vkline\catalog\view\theme\theme638\template\information\landing.tpl on line 6
