2016-01-31 0:51:41 - PHP Notice:  Undefined variable: config_simple_blog_status in /home/ibuybl5/public_html/IBUYBL5.com/system/storage/modification/admin/view/template/setting/setting.tpl on line 1604
2016-01-31 1:02:41 - PHP Notice:  Undefined variable: config_simple_blog_status in /home/ibuybl5/public_html/IBUYBL5.com/system/storage/modification/admin/view/template/setting/setting.tpl on line 1604
2016-01-31 1:10:36 - PHP Notice:  Undefined variable: config_simple_blog_status in /home/ibuybl5/public_html/IBUYBL5.com/system/storage/modification/admin/view/template/setting/setting.tpl on line 1604
2016-01-31 1:13:29 - PHP Notice:  Undefined variable: config_simple_blog_status in /home/ibuybl5/public_html/IBUYBL5.com/system/storage/modification/admin/view/template/setting/setting.tpl on line 1604
2016-01-31 18:39:18 - PHP Warning:  mysqli::query(): (21000/1242): Subquery returns more than 1 row in /home/ibuybl5/public_html/IBUYBL5.com/system/library/db/mysqli.php on line 19
2016-01-31 18:39:18 - PHP Notice:  Error: Subquery returns more than 1 row<br />Error No: 1242<br />SELECT DISTINCT *, (SELECT GROUP_CONCAT(cd1.name ORDER BY level SEPARATOR '&nbsp;&nbsp;&gt;&nbsp;&nbsp;') FROM oc_category_path cp LEFT JOIN oc_category_description cd1 ON (cp.path_id = cd1.category_id AND cp.category_id != cp.path_id) WHERE cp.category_id = c.category_id AND cd1.language_id = '1' GROUP BY cp.category_id) AS path, (SELECT DISTINCT keyword FROM oc_url_alias WHERE query = 'category_id=41') AS keyword FROM oc_category c LEFT JOIN oc_category_description cd2 ON (c.category_id = cd2.category_id) WHERE c.category_id = '41' AND cd2.language_id = '1' in /home/ibuybl5/public_html/IBUYBL5.com/system/library/db/mysqli.php on line 41
2016-01-31 18:39:18 - PHP Notice:  Trying to get property of non-object in /home/ibuybl5/public_html/IBUYBL5.com/admin/model/catalog/category.php on line 213
2016-01-31 18:41:21 - PHP Notice:  Undefined index: article_title in /home/ibuybl5/public_html/IBUYBL5.com/catalog/controller/simple_blog/article.php on line 363
2016-01-31 18:41:41 - PHP Notice:  Undefined index: article_title in /home/ibuybl5/public_html/IBUYBL5.com/catalog/controller/simple_blog/article.php on line 363
2016-01-31 21:46:25 - PHP Notice:  Undefined variable: config_simple_blog_status in /home/ibuybl5/public_html/IBUYBL5.com/system/storage/modification/admin/view/template/setting/setting.tpl on line 1604
2016-01-31 21:48:06 - PHP Notice:  Undefined variable: config_simple_blog_status in /home/ibuybl5/public_html/IBUYBL5.com/system/storage/modification/admin/view/template/setting/setting.tpl on line 1604
2016-01-31 21:53:07 - PHP Notice:  Undefined variable: config_simple_blog_status in /home/ibuybl5/public_html/IBUYBL5.com/system/storage/modification/admin/view/template/setting/setting.tpl on line 1604
2016-01-31 22:08:20 - PHP Notice:  Undefined variable: config_simple_blog_status in /home/ibuybl5/public_html/IBUYBL5.com/system/storage/modification/admin/view/template/setting/setting.tpl on line 1604
2016-01-31 22:10:51 - PHP Notice:  Undefined variable: config_simple_blog_status in /home/ibuybl5/public_html/IBUYBL5.com/system/storage/modification/admin/view/template/setting/setting.tpl on line 1604
2016-01-31 22:17:07 - PHP Notice:  Undefined variable: config_simple_blog_status in /home/ibuybl5/public_html/IBUYBL5.com/system/storage/modification/admin/view/template/setting/setting.tpl on line 1604
2016-01-31 22:23:18 - PHP Notice:  Undefined variable: config_simple_blog_status in /home/ibuybl5/public_html/IBUYBL5.com/system/storage/modification/admin/view/template/setting/setting.tpl on line 1604
2016-01-31 22:28:03 - PHP Notice:  Undefined variable: config_simple_blog_status in /home/ibuybl5/public_html/IBUYBL5.com/system/storage/modification/admin/view/template/setting/setting.tpl on line 1604
2016-01-31 22:30:26 - PHP Notice:  Undefined variable: config_simple_blog_status in /home/ibuybl5/public_html/IBUYBL5.com/system/storage/modification/admin/view/template/setting/setting.tpl on line 1604
2016-01-31 23:01:47 - PHP Notice:  Undefined variable: config_simple_blog_status in /home/ibuybl5/public_html/IBUYBL5.com/system/storage/modification/admin/view/template/setting/setting.tpl on line 1604
2016-01-31 23:03:39 - PHP Notice:  Undefined variable: config_simple_blog_status in /home/ibuybl5/public_html/IBUYBL5.com/system/storage/modification/admin/view/template/setting/setting.tpl on line 1604
2016-01-31 23:20:31 - PHP Notice:  Undefined variable: config_simple_blog_status in /home/ibuybl5/public_html/IBUYBL5.com/system/storage/modification/admin/view/template/setting/setting.tpl on line 1604
2016-02-01 0:11:32 - PHP Notice:  Undefined variable: languages in /home/ibuybl5/public_html/IBUYBL5.com/admin/view/template/module/olark.tpl on line 64
2016-02-01 0:11:32 - PHP Warning:  Invalid argument supplied for foreach() in /home/ibuybl5/public_html/IBUYBL5.com/admin/view/template/module/olark.tpl on line 64
2016-02-01 0:12:41 - PHP Notice:  Undefined variable: config_simple_blog_status in /home/ibuybl5/public_html/IBUYBL5.com/system/storage/modification/admin/view/template/setting/setting.tpl on line 1604
2016-02-01 1:11:21 - PHP Notice:  Undefined variable: config_simple_blog_status in /home/ibuybl5/public_html/IBUYBL5.com/system/storage/modification/admin/view/template/setting/setting.tpl on line 1604
2016-02-01 1:13:16 - PHP Notice:  Error: EHLO not accepted from server! in /home/ibuybl5/public_html/IBUYBL5.com/system/library/mail.php on line 199
2016-02-01 1:13:40 - PHP Notice:  Error: EHLO not accepted from server! in /home/ibuybl5/public_html/IBUYBL5.com/system/library/mail.php on line 199
2016-02-01 1:15:09 - PHP Notice:  Undefined variable: config_simple_blog_status in /home/ibuybl5/public_html/IBUYBL5.com/system/storage/modification/admin/view/template/setting/setting.tpl on line 1604
2016-02-01 1:26:07 - PHP Notice:  Undefined variable: config_simple_blog_status in /home/ibuybl5/public_html/IBUYBL5.com/system/storage/modification/admin/view/template/setting/setting.tpl on line 1604
2016-02-01 1:34:16 - PHP Notice:  Undefined variable: config_simple_blog_status in /home/ibuybl5/public_html/IBUYBL5.com/system/storage/modification/admin/view/template/setting/setting.tpl on line 1604
2016-02-01 1:58:04 - PHP Notice:  Undefined variable: config_simple_blog_status in /home/ibuybl5/public_html/IBUYBL5.com/system/storage/modification/admin/view/template/setting/setting.tpl on line 1604
2016-02-01 5:45:43 - PHP Notice:  Undefined variable: category_search_article in /home/ibuybl5/public_html/IBUYBL5.com/admin/view/template/module/tm_blog_category.tpl on line 68
2016-02-02 9:28:15 - PHP Notice:  Undefined index: article_title in /home/ibuybl5/public_html/IBUYBL5.com/catalog/controller/simple_blog/article.php on line 363
2016-02-02 21:07:33 - PHP Notice:  Undefined index: article_title in /home/ibuybl5/public_html/IBUYBL5.com/catalog/controller/simple_blog/article.php on line 363
2016-02-03 6:55:55 - PHP Notice:  Undefined variable: languages in /home/ibuybl5/public_html/IBUYBL5.com/admin/view/template/module/olark.tpl on line 64
2016-02-03 6:55:55 - PHP Warning:  Invalid argument supplied for foreach() in /home/ibuybl5/public_html/IBUYBL5.com/admin/view/template/module/olark.tpl on line 64
2016-02-03 6:56:17 - PHP Notice:  Undefined variable: languages in /home/ibuybl5/public_html/IBUYBL5.com/admin/view/template/module/olark.tpl on line 64
2016-02-03 6:56:17 - PHP Warning:  Invalid argument supplied for foreach() in /home/ibuybl5/public_html/IBUYBL5.com/admin/view/template/module/olark.tpl on line 64
2016-02-03 6:56:35 - PHP Notice:  Undefined variable: languages in /home/ibuybl5/public_html/IBUYBL5.com/admin/view/template/module/olark.tpl on line 64
2016-02-03 6:56:35 - PHP Warning:  Invalid argument supplied for foreach() in /home/ibuybl5/public_html/IBUYBL5.com/admin/view/template/module/olark.tpl on line 64
2016-02-03 6:56:46 - PHP Notice:  Undefined variable: languages in /home/ibuybl5/public_html/IBUYBL5.com/admin/view/template/module/olark.tpl on line 64
2016-02-03 6:56:46 - PHP Warning:  Invalid argument supplied for foreach() in /home/ibuybl5/public_html/IBUYBL5.com/admin/view/template/module/olark.tpl on line 64
2016-02-03 6:56:51 - PHP Notice:  Undefined variable: languages in /home/ibuybl5/public_html/IBUYBL5.com/admin/view/template/module/olark.tpl on line 64
2016-02-03 6:56:51 - PHP Warning:  Invalid argument supplied for foreach() in /home/ibuybl5/public_html/IBUYBL5.com/admin/view/template/module/olark.tpl on line 64
2016-02-03 6:56:57 - PHP Notice:  Undefined variable: languages in /home/ibuybl5/public_html/IBUYBL5.com/admin/view/template/module/olark.tpl on line 64
2016-02-03 6:56:57 - PHP Warning:  Invalid argument supplied for foreach() in /home/ibuybl5/public_html/IBUYBL5.com/admin/view/template/module/olark.tpl on line 64
2016-02-03 13:53:22 - PHP Notice:  Undefined index: article_title in /home/ibuybl5/public_html/IBUYBL5.com/catalog/controller/simple_blog/article.php on line 363
2016-02-03 13:55:34 - PHP Notice:  Undefined index: article_title in /home/ibuybl5/public_html/IBUYBL5.com/catalog/controller/simple_blog/article.php on line 363
2016-02-13 12:57:13 - PHP Notice:  Undefined index: article_title in /home/ibuybl5/public_html/IBUYBL5.com/catalog/controller/simple_blog/article.php on line 363
2016-02-13 12:57:15 - PHP Notice:  Undefined index: article_title in /home/ibuybl5/public_html/IBUYBL5.com/catalog/controller/simple_blog/article.php on line 363
2016-02-18 6:57:52 - PHP Warning:  unlink(/home/ibuybl5/public_html/IBUYBL5.com/system/storage/cache/cache.language.1455770253): No such file or directory in /home/ibuybl5/public_html/IBUYBL5.com/system/library/cache/file.php on line 17
2016-02-18 6:57:52 - PHP Warning:  session_start(): Cannot send session cookie - headers already sent by (output started at /home/ibuybl5/public_html/IBUYBL5.com/index.php:98) in /home/ibuybl5/public_html/IBUYBL5.com/system/library/session.php on line 21
2016-02-18 6:57:52 - PHP Warning:  session_start(): Cannot send session cache limiter - headers already sent (output started at /home/ibuybl5/public_html/IBUYBL5.com/index.php:98) in /home/ibuybl5/public_html/IBUYBL5.com/system/library/session.php on line 21
2016-02-18 6:57:52 - PHP Warning:  Cannot modify header information - headers already sent by (output started at /home/ibuybl5/public_html/IBUYBL5.com/index.php:98) in /home/ibuybl5/public_html/IBUYBL5.com/index.php on line 185
2016-02-18 6:57:52 - PHP Warning:  Cannot modify header information - headers already sent by (output started at /home/ibuybl5/public_html/IBUYBL5.com/index.php:98) in /home/ibuybl5/public_html/IBUYBL5.com/system/library/currency.php on line 45
2016-02-22 14:21:12 - PHP Notice:  Undefined index: article_title in /home/ibuybl5/public_html/IBUYBL5.com/catalog/controller/simple_blog/article.php on line 363
2016-02-22 14:21:14 - PHP Notice:  Undefined index: article_title in /home/ibuybl5/public_html/IBUYBL5.com/catalog/controller/simple_blog/article.php on line 363
2016-02-23 21:10:25 - PHP Notice:  Undefined index: article_title in /home/ibuybl5/public_html/IBUYBL5.com/catalog/controller/simple_blog/article.php on line 363
2016-02-23 21:10:25 - PHP Notice:  Undefined index: article_title in /home/ibuybl5/public_html/IBUYBL5.com/catalog/controller/simple_blog/article.php on line 363
2016-02-23 21:10:25 - PHP Notice:  Undefined index: article_title in /home/ibuybl5/public_html/IBUYBL5.com/catalog/controller/simple_blog/article.php on line 363
2016-02-23 21:10:26 - PHP Notice:  Undefined index: article_title in /home/ibuybl5/public_html/IBUYBL5.com/catalog/controller/simple_blog/article.php on line 363
2016-02-24 5:06:03 - PHP Notice:  Undefined variable: config_simple_blog_status in /home/ibuybl5/public_html/IBUYBL5.com/system/storage/modification/admin/view/template/setting/setting.tpl on line 1604
2016-02-24 5:06:20 - PHP Notice:  Undefined variable: config_simple_blog_status in /home/ibuybl5/public_html/IBUYBL5.com/system/storage/modification/admin/view/template/setting/setting.tpl on line 1604
2016-02-24 12:33:53 - PHP Notice:  Undefined variable: help_usere in /home/ibuybl5/public_html/IBUYBL5.com/admin/view/template/payment/pp_payflow.tpl on line 38
2016-02-25 2:20:06 - PHP Notice:  Undefined variable: help_usere in /home/ibuybl5/public_html/IBUYBL5.com/admin/view/template/payment/pp_payflow.tpl on line 38
2016-02-25 2:22:32 - PHP Notice:  Undefined variable: help_usere in /home/ibuybl5/public_html/IBUYBL5.com/admin/view/template/payment/pp_payflow.tpl on line 38
2016-02-26 8:47:26 - PHP Notice:  Undefined index: article_title in /home/ibuybl5/public_html/IBUYBL5.com/catalog/controller/simple_blog/article.php on line 363
2016-02-27 18:17:14 - PHP Notice:  Undefined index: article_title in /home/ibuybl5/public_html/IBUYBL5.com/catalog/controller/simple_blog/article.php on line 363
2016-02-27 18:17:14 - PHP Notice:  Undefined index: article_title in /home/ibuybl5/public_html/IBUYBL5.com/catalog/controller/simple_blog/article.php on line 363
2016-02-28 1:04:31 - PHP Notice:  Undefined index: article_title in /home/ibuybl5/public_html/IBUYBL5.com/catalog/controller/simple_blog/article.php on line 363
2016-02-28 1:04:32 - PHP Notice:  Undefined index: article_title in /home/ibuybl5/public_html/IBUYBL5.com/catalog/controller/simple_blog/article.php on line 363
2016-02-29 2:07:40 - PHP Notice:  Undefined index: article_title in /home/ibuybl5/public_html/IBUYBL5.com/catalog/controller/simple_blog/article.php on line 363
2016-03-01 14:02:46 - PHP Notice:  Undefined index: article_title in /home/ibuybl5/public_html/IBUYBL5.com/catalog/controller/simple_blog/article.php on line 363
2016-03-02 5:26:14 - PHP Notice:  Undefined index: article_title in /home/ibuybl5/public_html/IBUYBL5.com/catalog/controller/simple_blog/article.php on line 363
2016-03-02 12:35:54 - PHP Warning:  unlink(/home/ibuybl5/public_html/IBUYBL5.com/system/storage/cache/cache.currency.1456921243): No such file or directory in /home/ibuybl5/public_html/IBUYBL5.com/system/library/cache/file.php on line 17
2016-03-02 12:35:54 - PHP Warning:  session_start(): Cannot send session cookie - headers already sent by (output started at /home/ibuybl5/public_html/IBUYBL5.com/index.php:98) in /home/ibuybl5/public_html/IBUYBL5.com/system/library/session.php on line 21
2016-03-02 12:35:54 - PHP Warning:  session_start(): Cannot send session cache limiter - headers already sent (output started at /home/ibuybl5/public_html/IBUYBL5.com/index.php:98) in /home/ibuybl5/public_html/IBUYBL5.com/system/library/session.php on line 21
2016-03-02 12:35:54 - PHP Warning:  Cannot modify header information - headers already sent by (output started at /home/ibuybl5/public_html/IBUYBL5.com/index.php:98) in /home/ibuybl5/public_html/IBUYBL5.com/index.php on line 185
2016-03-02 12:35:54 - PHP Warning:  Cannot modify header information - headers already sent by (output started at /home/ibuybl5/public_html/IBUYBL5.com/index.php:98) in /home/ibuybl5/public_html/IBUYBL5.com/system/library/currency.php on line 45
2016-03-02 16:26:52 - PHP Notice:  Undefined index: article_title in /home/ibuybl5/public_html/IBUYBL5.com/catalog/controller/simple_blog/article.php on line 363
2016-03-02 16:26:56 - PHP Notice:  Undefined index: article_title in /home/ibuybl5/public_html/IBUYBL5.com/catalog/controller/simple_blog/article.php on line 363
2016-03-02 23:53:46 - PHP Notice:  Undefined variable: config_simple_blog_status in /home/ibuybl5/public_html/IBUYBL5.com/system/storage/modification/admin/view/template/setting/setting.tpl on line 1604
2016-03-03 0:04:47 - PHP Notice:  Undefined variable: config_simple_blog_status in /home/ibuybl5/public_html/IBUYBL5.com/system/storage/modification/admin/view/template/setting/setting.tpl on line 1604
2016-03-03 0:13:02 - PHP Notice:  Undefined variable: config_simple_blog_status in /home/ibuybl5/public_html/IBUYBL5.com/system/storage/modification/admin/view/template/setting/setting.tpl on line 1604
2016-03-03 0:14:01 - PHP Notice:  Undefined variable: config_simple_blog_status in /home/ibuybl5/public_html/IBUYBL5.com/system/storage/modification/admin/view/template/setting/setting.tpl on line 1604
2016-03-03 0:14:27 - PHP Notice:  Undefined variable: config_simple_blog_status in /home/ibuybl5/public_html/IBUYBL5.com/system/storage/modification/admin/view/template/setting/setting.tpl on line 1604
2016-03-03 0:14:53 - PHP Notice:  Undefined variable: config_simple_blog_status in /home/ibuybl5/public_html/IBUYBL5.com/system/storage/modification/admin/view/template/setting/setting.tpl on line 1604
2016-03-03 0:20:58 - PHP Notice:  Undefined variable: config_simple_blog_status in /home/ibuybl5/public_html/IBUYBL5.com/system/storage/modification/admin/view/template/setting/setting.tpl on line 1604
2016-03-03 0:21:35 - PHP Notice:  Error: Could not load template /home/ibuybl5/public_html/IBUYBL5.com/catalog/view/theme/default/template/captcha/basic_captcha.tpl! in /home/ibuybl5/public_html/IBUYBL5.com/system/storage/modification/system/engine/loader.php on line 86
2016-03-03 0:21:44 - PHP Notice:  Error: Could not load template /home/ibuybl5/public_html/IBUYBL5.com/catalog/view/theme/default/template/captcha/basic_captcha.tpl! in /home/ibuybl5/public_html/IBUYBL5.com/system/storage/modification/system/engine/loader.php on line 86
2016-03-03 0:21:53 - PHP Notice:  Error: Could not load template /home/ibuybl5/public_html/IBUYBL5.com/catalog/view/theme/default/template/captcha/basic_captcha.tpl! in /home/ibuybl5/public_html/IBUYBL5.com/system/storage/modification/system/engine/loader.php on line 86
2016-03-03 0:21:56 - PHP Notice:  Error: Could not load template /home/ibuybl5/public_html/IBUYBL5.com/catalog/view/theme/default/template/captcha/basic_captcha.tpl! in /home/ibuybl5/public_html/IBUYBL5.com/system/storage/modification/system/engine/loader.php on line 86
2016-03-03 0:21:58 - PHP Notice:  Error: Could not load template /home/ibuybl5/public_html/IBUYBL5.com/catalog/view/theme/default/template/captcha/basic_captcha.tpl! in /home/ibuybl5/public_html/IBUYBL5.com/system/storage/modification/system/engine/loader.php on line 86
2016-03-03 0:22:12 - PHP Notice:  Error: Could not load template /home/ibuybl5/public_html/IBUYBL5.com/catalog/view/theme/default/template/captcha/basic_captcha.tpl! in /home/ibuybl5/public_html/IBUYBL5.com/system/storage/modification/system/engine/loader.php on line 86
2016-03-03 0:23:44 - PHP Notice:  Undefined variable: config_simple_blog_status in /home/ibuybl5/public_html/IBUYBL5.com/system/storage/modification/admin/view/template/setting/setting.tpl on line 1604
2016-03-03 0:39:25 - PHP Notice:  Undefined variable: config_simple_blog_status in /home/ibuybl5/public_html/IBUYBL5.com/system/storage/modification/admin/view/template/setting/setting.tpl on line 1604
2016-03-03 0:39:57 - PHP Notice:  Error: Could not load template /home/ibuybl5/public_html/IBUYBL5.com/catalog/view/theme/default/template/captcha/google_captcha.tpl! in /home/ibuybl5/public_html/IBUYBL5.com/system/storage/modification/system/engine/loader.php on line 86
2016-03-03 0:46:33 - PHP Warning:  Invalid argument supplied for foreach() in /home/ibuybl5/public_html/IBUYBL5.com/admin/controller/module/featured.php on line 124
2016-03-03 0:47:44 - PHP Notice:  Undefined index: g-recaptcha-response in /home/ibuybl5/public_html/IBUYBL5.com/catalog/controller/captcha/google_captcha.php on line 32
2016-03-03 0:48:01 - PHP Notice:  Undefined index: g-recaptcha-response in /home/ibuybl5/public_html/IBUYBL5.com/catalog/controller/captcha/google_captcha.php on line 32
2016-03-03 0:48:18 - PHP Notice:  Undefined index: g-recaptcha-response in /home/ibuybl5/public_html/IBUYBL5.com/catalog/controller/captcha/google_captcha.php on line 32
2016-03-03 0:48:26 - PHP Notice:  Undefined index: g-recaptcha-response in /home/ibuybl5/public_html/IBUYBL5.com/catalog/controller/captcha/google_captcha.php on line 32
2016-03-03 0:48:59 - PHP Notice:  Undefined variable: config_simple_blog_status in /home/ibuybl5/public_html/IBUYBL5.com/system/storage/modification/admin/view/template/setting/setting.tpl on line 1604
2016-03-03 0:49:35 - PHP Notice:  Undefined variable: config_simple_blog_status in /home/ibuybl5/public_html/IBUYBL5.com/system/storage/modification/admin/view/template/setting/setting.tpl on line 1604
2016-03-03 0:50:10 - PHP Notice:  Undefined variable: config_simple_blog_status in /home/ibuybl5/public_html/IBUYBL5.com/system/storage/modification/admin/view/template/setting/setting.tpl on line 1604
2016-03-03 6:33:45 - PHP Notice:  Undefined index: article_title in /home/ibuybl5/public_html/IBUYBL5.com/catalog/controller/simple_blog/article.php on line 363
2016-03-04 4:33:49 - PHP Notice:  Undefined index: article_title in /home/ibuybl5/public_html/IBUYBL5.com/catalog/controller/simple_blog/article.php on line 363
2016-03-04 16:06:24 - PHP Notice:  Undefined index: article_title in /home/ibuybl5/public_html/IBUYBL5.com/catalog/controller/simple_blog/article.php on line 363
2016-03-04 19:58:18 - PHP Notice:  Undefined index: article_title in /home/ibuybl5/public_html/IBUYBL5.com/catalog/controller/simple_blog/article.php on line 363
2016-03-05 11:20:38 - PHP Notice:  Undefined index: article_title in /home/ibuybl5/public_html/IBUYBL5.com/catalog/controller/simple_blog/article.php on line 363
2016-03-06 7:46:39 - PHP Notice:  Undefined index: article_title in /home/ibuybl5/public_html/IBUYBL5.com/catalog/controller/simple_blog/article.php on line 363
2016-03-06 7:46:41 - PHP Notice:  Undefined index: article_title in /home/ibuybl5/public_html/IBUYBL5.com/catalog/controller/simple_blog/article.php on line 363
2016-03-06 18:09:14 - PHP Notice:  Undefined index: article_title in /home/ibuybl5/public_html/IBUYBL5.com/catalog/controller/simple_blog/article.php on line 363
2016-03-08 23:47:12 - PHP Notice:  Undefined index: article_title in /home/ibuybl5/public_html/IBUYBL5.com/catalog/controller/simple_blog/article.php on line 363
2016-03-09 10:27:12 - PHP Notice:  Undefined index: article_title in /home/ibuybl5/public_html/IBUYBL5.com/catalog/controller/simple_blog/article.php on line 363
2016-03-11 1:34:28 - PHP Notice:  Undefined index: article_title in /home/ibuybl5/public_html/IBUYBL5.com/catalog/controller/simple_blog/article.php on line 363
2016-03-11 1:34:29 - PHP Notice:  Undefined index: article_title in /home/ibuybl5/public_html/IBUYBL5.com/catalog/controller/simple_blog/article.php on line 363
2016-03-11 17:50:11 - PHP Notice:  Error: Could not load template /home/ibuybl5/public_html/IBUYBL5.com/admin/view/template/tool/error_log.tpl! in /home/ibuybl5/public_html/IBUYBL5.com/system/storage/modification/system/engine/loader.php on line 86
2016-03-11 17:53:40 - PHP Notice:  Undefined variable: config_simple_blog_status in /home/ibuybl5/public_html/IBUYBL5.com/system/storage/modification/admin/view/template/setting/setting.tpl on line 1604
2016-03-12 11:27:46 - PHP Notice:  Undefined index: article_title in /home/ibuybl5/public_html/IBUYBL5.com/catalog/controller/simple_blog/article.php on line 363
2016-03-22 19:01:42 - PHP Notice:  Undefined index: article_title in /home/ibuybl5/public_html/IBUYBL5.com/catalog/controller/simple_blog/article.php on line 363
2016-03-22 22:59:24 - PayPal Express debug (Call data): {"METHOD":"SetExpressCheckout","MAXAMT":"3000.00","RETURNURL":"http:\/\/vkline.com\/index.php?route=payment\/pp_express\/checkoutReturn","CANCELURL":"http:\/\/vkline.com\/index.php?route=checkout\/checkout","REQCONFIRMSHIPPING":0,"NOSHIPPING":0,"LOCALECODE":"EN","LANDINGPAGE":"Login","HDRIMG":null,"PAYFLOWCOLOR":"","CHANNELTYPE":"Merchant","ALLOWNOTE":"0","PAYMENTREQUEST_0_SHIPTONAME":"rtertert dfgdfgdfgdfg","PAYMENTREQUEST_0_SHIPTOSTREET":"fgdfgdfg","PAYMENTREQUEST_0_SHIPTOSTREET2":"","PAYMENTREQUEST_0_SHIPTOCITY":"dfgdfg","PAYMENTREQUEST_0_SHIPTOSTATE":"Trelawny Parish","PAYMENTREQUEST_0_SHIPTOZIP":"","PAYMENTREQUEST_0_SHIPTOCOUNTRYCODE":"JM","PAYMENTREQUEST_0_SHIPPINGAMT":"","PAYMENTREQUEST_0_CURRENCYCODE":"JMD","PAYMENTREQUEST_0_PAYMENTACTION":"Sale","L_PAYMENTREQUEST_0_DESC0":false,"L_PAYMENTREQUEST_0_NAME0":"Boss lady","L_PAYMENTREQUEST_0_NUMBER0":"Boss lady","L_PAYMENTREQUEST_0_AMT0":"2000.00","L_PAYMENTREQUEST_0_QTY0":"1","L_PAYMENTREQUEST_0_ITEMURL0":"http:\/\/vkline.com\/index.php?route=product\/product&amp;product_id=28","L_PAYMENTREQUEST_0_ITEMWEIGHTVALUE0":"0.00","L_PAYMENTREQUEST_0_ITEMWEIGHTUNIT0":"lb","L_PAYMENTREQUEST_0_NUMBER1":"shipping","L_PAYMENTREQUEST_0_NAME1":"Flat Shipping Rate","L_PAYMENTREQUEST_0_AMT1":"5.00","L_PAYMENTREQUEST_0_QTY1":1,"PAYMENTREQUEST_0_ITEMAMT":"2005.00","PAYMENTREQUEST_0_AMT":"2005.00"}
2016-03-22 22:59:25 - PayPal Express debug (Result): "TIMESTAMP=2016%2d03%2d22T22%3a59%3a25Z&CORRELATIONID=1c418bf84d02d&ACK=Failure&VERSION=109%2e0&BUILD=20987449&L_ERRORCODE0=10605&L_SHORTMESSAGE0=Transaction%20refused%20because%20of%20an%20invalid%20argument%2e%20See%20additional%20error%20messages%20for%20details%2e&L_LONGMESSAGE0=Currency%20is%20not%20supported&L_SEVERITYCODE0=Error"
2016-03-22 22:59:25 - a:9:{s:9:"TIMESTAMP";s:20:"2016-03-22T22:59:25Z";s:13:"CORRELATIONID";s:13:"1c418bf84d02d";s:3:"ACK";s:7:"Failure";s:7:"VERSION";s:5:"109.0";s:5:"BUILD";s:8:"20987449";s:12:"L_ERRORCODE0";s:5:"10605";s:15:"L_SHORTMESSAGE0";s:94:"Transaction refused because of an invalid argument. See additional error messages for details.";s:14:"L_LONGMESSAGE0";s:25:"Currency is not supported";s:15:"L_SEVERITYCODE0";s:5:"Error";}
2016-03-22 23:00:22 - PayPal Express debug (Call data): {"METHOD":"SetExpressCheckout","MAXAMT":"24.60","RETURNURL":"http:\/\/vkline.com\/index.php?route=payment\/pp_express\/checkoutReturn","CANCELURL":"http:\/\/vkline.com\/index.php?route=checkout\/checkout","REQCONFIRMSHIPPING":0,"NOSHIPPING":0,"LOCALECODE":"EN","LANDINGPAGE":"Login","HDRIMG":null,"PAYFLOWCOLOR":"","CHANNELTYPE":"Merchant","ALLOWNOTE":"0","PAYMENTREQUEST_0_SHIPTONAME":"rtertert dfgdfgdfgdfg","PAYMENTREQUEST_0_SHIPTOSTREET":"fgdfgdfg","PAYMENTREQUEST_0_SHIPTOSTREET2":"","PAYMENTREQUEST_0_SHIPTOCITY":"dfgdfg","PAYMENTREQUEST_0_SHIPTOSTATE":"Trelawny Parish","PAYMENTREQUEST_0_SHIPTOZIP":"","PAYMENTREQUEST_0_SHIPTOCOUNTRYCODE":"JM","PAYMENTREQUEST_0_SHIPPINGAMT":"","PAYMENTREQUEST_0_CURRENCYCODE":"USD","PAYMENTREQUEST_0_PAYMENTACTION":"Sale","L_PAYMENTREQUEST_0_DESC0":false,"L_PAYMENTREQUEST_0_NAME0":"Boss lady","L_PAYMENTREQUEST_0_NUMBER0":"Boss lady","L_PAYMENTREQUEST_0_AMT0":"16.40","L_PAYMENTREQUEST_0_QTY0":"1","L_PAYMENTREQUEST_0_ITEMURL0":"http:\/\/vkline.com\/index.php?route=product\/product&amp;product_id=28","L_PAYMENTREQUEST_0_ITEMWEIGHTVALUE0":"0.00","L_PAYMENTREQUEST_0_ITEMWEIGHTUNIT0":"lb","L_PAYMENTREQUEST_0_NUMBER1":"shipping","L_PAYMENTREQUEST_0_NAME1":"Flat Shipping Rate","L_PAYMENTREQUEST_0_AMT1":"0.04","L_PAYMENTREQUEST_0_QTY1":1,"PAYMENTREQUEST_0_ITEMAMT":"16.44","PAYMENTREQUEST_0_AMT":"16.44"}
2016-03-22 23:00:23 - PayPal Express debug (Result): "TOKEN=EC%2d5HB29295087462622&TIMESTAMP=2016%2d03%2d22T23%3a00%3a23Z&CORRELATIONID=66b104c2e8f2&ACK=Success&VERSION=109%2e0&BUILD=20987449"
2016-03-23 0:51:38 - PayPal Express debug (Call data): {"METHOD":"SetExpressCheckout","MAXAMT":"3000.00","RETURNURL":"http:\/\/vkline.com\/index.php?route=payment\/pp_express\/checkoutReturn","CANCELURL":"http:\/\/vkline.com\/index.php?route=checkout\/checkout","REQCONFIRMSHIPPING":0,"NOSHIPPING":0,"LOCALECODE":"EN","LANDINGPAGE":"Login","HDRIMG":null,"PAYFLOWCOLOR":"","CHANNELTYPE":"Merchant","ALLOWNOTE":"1","PAYMENTREQUEST_0_SHIPTONAME":"Rohan Morris","PAYMENTREQUEST_0_SHIPTOSTREET":"8 park lane","PAYMENTREQUEST_0_SHIPTOSTREET2":"","PAYMENTREQUEST_0_SHIPTOCITY":"kingston 5","PAYMENTREQUEST_0_SHIPTOSTATE":"Saint Andrew Parish","PAYMENTREQUEST_0_SHIPTOZIP":"","PAYMENTREQUEST_0_SHIPTOCOUNTRYCODE":"JM","PAYMENTREQUEST_0_SHIPPINGAMT":"","PAYMENTREQUEST_0_CURRENCYCODE":"JMD","PAYMENTREQUEST_0_PAYMENTACTION":"Sale","L_PAYMENTREQUEST_0_DESC0":false,"L_PAYMENTREQUEST_0_NAME0":"Free worl boss T-Shirt","L_PAYMENTREQUEST_0_NUMBER0":"Free worl boss","L_PAYMENTREQUEST_0_AMT0":"2000.00","L_PAYMENTREQUEST_0_QTY0":"1","L_PAYMENTREQUEST_0_ITEMURL0":"http:\/\/vkline.com\/index.php?route=product\/product&amp;product_id=30","L_PAYMENTREQUEST_0_ITEMWEIGHTVALUE0":"0.00","L_PAYMENTREQUEST_0_ITEMWEIGHTUNIT0":"lb","L_PAYMENTREQUEST_0_DESC1":false,"L_PAYMENTREQUEST_0_NAME1":"Worl Boss","L_PAYMENTREQUEST_0_NUMBER1":"Worl Boss","L_PAYMENTREQUEST_0_AMT1":"0.00","L_PAYMENTREQUEST_0_QTY1":"1","L_PAYMENTREQUEST_0_ITEMURL1":"http:\/\/vkline.com\/index.php?route=product\/product&amp;product_id=49","L_PAYMENTREQUEST_0_ITEMWEIGHTVALUE1":"0.00","L_PAYMENTREQUEST_0_ITEMWEIGHTUNIT1":"lb","PAYMENTREQUEST_0_ITEMAMT":"2000.00","PAYMENTREQUEST_0_AMT":"2000.00"}
2016-03-23 0:51:39 - PayPal Express debug (Result): "TIMESTAMP=2016%2d03%2d23T00%3a51%3a39Z&CORRELATIONID=3b4b396e7b4ab&ACK=Failure&VERSION=109%2e0&BUILD=20987449&L_ERRORCODE0=10002&L_SHORTMESSAGE0=Security%20error&L_LONGMESSAGE0=Security%20header%20is%20not%20valid&L_SEVERITYCODE0=Error"
2016-03-23 0:51:39 - a:9:{s:9:"TIMESTAMP";s:20:"2016-03-23T00:51:39Z";s:13:"CORRELATIONID";s:13:"3b4b396e7b4ab";s:3:"ACK";s:7:"Failure";s:7:"VERSION";s:5:"109.0";s:5:"BUILD";s:8:"20987449";s:12:"L_ERRORCODE0";s:5:"10002";s:15:"L_SHORTMESSAGE0";s:14:"Security error";s:14:"L_LONGMESSAGE0";s:28:"Security header is not valid";s:15:"L_SEVERITYCODE0";s:5:"Error";}
2016-03-23 0:52:17 - PayPal Express debug (Call data): {"METHOD":"SetExpressCheckout","MAXAMT":"24.60","RETURNURL":"http:\/\/vkline.com\/index.php?route=payment\/pp_express\/checkoutReturn","CANCELURL":"http:\/\/vkline.com\/index.php?route=checkout\/checkout","REQCONFIRMSHIPPING":0,"NOSHIPPING":0,"LOCALECODE":"EN","LANDINGPAGE":"Login","HDRIMG":null,"PAYFLOWCOLOR":"","CHANNELTYPE":"Merchant","ALLOWNOTE":"1","PAYMENTREQUEST_0_SHIPTONAME":"Rohan Morris","PAYMENTREQUEST_0_SHIPTOSTREET":"8 park lane","PAYMENTREQUEST_0_SHIPTOSTREET2":"","PAYMENTREQUEST_0_SHIPTOCITY":"kingston 5","PAYMENTREQUEST_0_SHIPTOSTATE":"Saint Andrew Parish","PAYMENTREQUEST_0_SHIPTOZIP":"","PAYMENTREQUEST_0_SHIPTOCOUNTRYCODE":"JM","PAYMENTREQUEST_0_SHIPPINGAMT":"","PAYMENTREQUEST_0_CURRENCYCODE":"USD","PAYMENTREQUEST_0_PAYMENTACTION":"Sale","L_PAYMENTREQUEST_0_DESC0":false,"L_PAYMENTREQUEST_0_NAME0":"Free worl boss T-Shirt","L_PAYMENTREQUEST_0_NUMBER0":"Free worl boss","L_PAYMENTREQUEST_0_AMT0":"16.40","L_PAYMENTREQUEST_0_QTY0":"1","L_PAYMENTREQUEST_0_ITEMURL0":"http:\/\/vkline.com\/index.php?route=product\/product&amp;product_id=30","L_PAYMENTREQUEST_0_ITEMWEIGHTVALUE0":"0.00","L_PAYMENTREQUEST_0_ITEMWEIGHTUNIT0":"lb","L_PAYMENTREQUEST_0_DESC1":false,"L_PAYMENTREQUEST_0_NAME1":"Worl Boss","L_PAYMENTREQUEST_0_NUMBER1":"Worl Boss","L_PAYMENTREQUEST_0_AMT1":"0.00","L_PAYMENTREQUEST_0_QTY1":"1","L_PAYMENTREQUEST_0_ITEMURL1":"http:\/\/vkline.com\/index.php?route=product\/product&amp;product_id=49","L_PAYMENTREQUEST_0_ITEMWEIGHTVALUE1":"0.00","L_PAYMENTREQUEST_0_ITEMWEIGHTUNIT1":"lb","PAYMENTREQUEST_0_ITEMAMT":"16.40","PAYMENTREQUEST_0_AMT":"16.40"}
2016-03-23 0:52:17 - PayPal Express debug (Result): "TIMESTAMP=2016%2d03%2d23T00%3a52%3a17Z&CORRELATIONID=3139838b8704a&ACK=Failure&VERSION=109%2e0&BUILD=20987449&L_ERRORCODE0=10002&L_SHORTMESSAGE0=Security%20error&L_LONGMESSAGE0=Security%20header%20is%20not%20valid&L_SEVERITYCODE0=Error"
2016-03-23 0:52:17 - a:9:{s:9:"TIMESTAMP";s:20:"2016-03-23T00:52:17Z";s:13:"CORRELATIONID";s:13:"3139838b8704a";s:3:"ACK";s:7:"Failure";s:7:"VERSION";s:5:"109.0";s:5:"BUILD";s:8:"20987449";s:12:"L_ERRORCODE0";s:5:"10002";s:15:"L_SHORTMESSAGE0";s:14:"Security error";s:14:"L_LONGMESSAGE0";s:28:"Security header is not valid";s:15:"L_SEVERITYCODE0";s:5:"Error";}
2016-03-23 0:54:29 - PayPal Express debug (Call data): {"METHOD":"SetExpressCheckout","MAXAMT":"24.60","RETURNURL":"http:\/\/vkline.com\/index.php?route=payment\/pp_express\/checkoutReturn","CANCELURL":"http:\/\/vkline.com\/index.php?route=checkout\/checkout","REQCONFIRMSHIPPING":0,"NOSHIPPING":0,"LOCALECODE":"EN","LANDINGPAGE":"Login","HDRIMG":null,"PAYFLOWCOLOR":"","CHANNELTYPE":"Merchant","ALLOWNOTE":"1","PAYMENTREQUEST_0_SHIPTONAME":"Rohan Morris","PAYMENTREQUEST_0_SHIPTOSTREET":"8 park lane","PAYMENTREQUEST_0_SHIPTOSTREET2":"","PAYMENTREQUEST_0_SHIPTOCITY":"kingston 5","PAYMENTREQUEST_0_SHIPTOSTATE":"Saint Andrew Parish","PAYMENTREQUEST_0_SHIPTOZIP":"","PAYMENTREQUEST_0_SHIPTOCOUNTRYCODE":"JM","PAYMENTREQUEST_0_SHIPPINGAMT":"","PAYMENTREQUEST_0_CURRENCYCODE":"USD","PAYMENTREQUEST_0_PAYMENTACTION":"Sale","L_PAYMENTREQUEST_0_DESC0":false,"L_PAYMENTREQUEST_0_NAME0":"Free worl boss T-Shirt","L_PAYMENTREQUEST_0_NUMBER0":"Free worl boss","L_PAYMENTREQUEST_0_AMT0":"16.40","L_PAYMENTREQUEST_0_QTY0":"1","L_PAYMENTREQUEST_0_ITEMURL0":"http:\/\/vkline.com\/index.php?route=product\/product&amp;product_id=30","L_PAYMENTREQUEST_0_ITEMWEIGHTVALUE0":"0.00","L_PAYMENTREQUEST_0_ITEMWEIGHTUNIT0":"lb","L_PAYMENTREQUEST_0_DESC1":false,"L_PAYMENTREQUEST_0_NAME1":"Worl Boss","L_PAYMENTREQUEST_0_NUMBER1":"Worl Boss","L_PAYMENTREQUEST_0_AMT1":"0.00","L_PAYMENTREQUEST_0_QTY1":"1","L_PAYMENTREQUEST_0_ITEMURL1":"http:\/\/vkline.com\/index.php?route=product\/product&amp;product_id=49","L_PAYMENTREQUEST_0_ITEMWEIGHTVALUE1":"0.00","L_PAYMENTREQUEST_0_ITEMWEIGHTUNIT1":"lb","L_PAYMENTREQUEST_0_NUMBER2":"shipping","L_PAYMENTREQUEST_0_NAME2":"Flat Shipping Rate","L_PAYMENTREQUEST_0_AMT2":"4.10","L_PAYMENTREQUEST_0_QTY2":1,"PAYMENTREQUEST_0_ITEMAMT":"20.50","PAYMENTREQUEST_0_AMT":"20.50"}
2016-03-23 0:54:29 - PayPal Express debug (Result): "TIMESTAMP=2016%2d03%2d23T00%3a54%3a29Z&CORRELATIONID=a1e3793197e85&ACK=Failure&VERSION=109%2e0&BUILD=20987449&L_ERRORCODE0=10002&L_SHORTMESSAGE0=Security%20error&L_LONGMESSAGE0=Security%20header%20is%20not%20valid&L_SEVERITYCODE0=Error"
2016-03-23 0:54:29 - a:9:{s:9:"TIMESTAMP";s:20:"2016-03-23T00:54:29Z";s:13:"CORRELATIONID";s:13:"a1e3793197e85";s:3:"ACK";s:7:"Failure";s:7:"VERSION";s:5:"109.0";s:5:"BUILD";s:8:"20987449";s:12:"L_ERRORCODE0";s:5:"10002";s:15:"L_SHORTMESSAGE0";s:14:"Security error";s:14:"L_LONGMESSAGE0";s:28:"Security header is not valid";s:15:"L_SEVERITYCODE0";s:5:"Error";}
2016-03-23 1:17:42 - PayPal Express debug (Call data): {"METHOD":"SetExpressCheckout","MAXAMT":"24.60","RETURNURL":"http:\/\/vkline.com\/index.php?route=payment\/pp_express\/checkoutReturn","CANCELURL":"http:\/\/vkline.com\/index.php?route=checkout\/checkout","REQCONFIRMSHIPPING":0,"NOSHIPPING":0,"LOCALECODE":"EN","LANDINGPAGE":"Login","HDRIMG":null,"PAYFLOWCOLOR":"","CHANNELTYPE":"Merchant","ALLOWNOTE":"1","PAYMENTREQUEST_0_SHIPTONAME":"Rohan Morris","PAYMENTREQUEST_0_SHIPTOSTREET":"8 park lane","PAYMENTREQUEST_0_SHIPTOSTREET2":"","PAYMENTREQUEST_0_SHIPTOCITY":"kingston 5","PAYMENTREQUEST_0_SHIPTOSTATE":"Saint Andrew Parish","PAYMENTREQUEST_0_SHIPTOZIP":"","PAYMENTREQUEST_0_SHIPTOCOUNTRYCODE":"JM","PAYMENTREQUEST_0_SHIPPINGAMT":"","PAYMENTREQUEST_0_CURRENCYCODE":"USD","PAYMENTREQUEST_0_PAYMENTACTION":"Sale","L_PAYMENTREQUEST_0_DESC0":false,"L_PAYMENTREQUEST_0_NAME0":"Free worl boss T-Shirt","L_PAYMENTREQUEST_0_NUMBER0":"Free worl boss","L_PAYMENTREQUEST_0_AMT0":"16.40","L_PAYMENTREQUEST_0_QTY0":"1","L_PAYMENTREQUEST_0_ITEMURL0":"http:\/\/vkline.com\/index.php?route=product\/product&amp;product_id=30","L_PAYMENTREQUEST_0_ITEMWEIGHTVALUE0":"0.00","L_PAYMENTREQUEST_0_ITEMWEIGHTUNIT0":"lb","L_PAYMENTREQUEST_0_DESC1":false,"L_PAYMENTREQUEST_0_NAME1":"Worl Boss","L_PAYMENTREQUEST_0_NUMBER1":"Worl Boss","L_PAYMENTREQUEST_0_AMT1":"0.00","L_PAYMENTREQUEST_0_QTY1":"1","L_PAYMENTREQUEST_0_ITEMURL1":"http:\/\/vkline.com\/index.php?route=product\/product&amp;product_id=49","L_PAYMENTREQUEST_0_ITEMWEIGHTVALUE1":"0.00","L_PAYMENTREQUEST_0_ITEMWEIGHTUNIT1":"lb","L_PAYMENTREQUEST_0_NUMBER2":"shipping","L_PAYMENTREQUEST_0_NAME2":"Flat Shipping Rate","L_PAYMENTREQUEST_0_AMT2":"4.10","L_PAYMENTREQUEST_0_QTY2":1,"PAYMENTREQUEST_0_ITEMAMT":"20.50","PAYMENTREQUEST_0_AMT":"20.50"}
2016-03-23 1:17:42 - PayPal Express debug (Result): "TIMESTAMP=2016%2d03%2d23T01%3a17%3a42Z&CORRELATIONID=f31c0e15ba6ea&ACK=Failure&VERSION=109%2e0&BUILD=20987449&L_ERRORCODE0=10002&L_SHORTMESSAGE0=Security%20error&L_LONGMESSAGE0=Security%20header%20is%20not%20valid&L_SEVERITYCODE0=Error"
2016-03-23 1:17:42 - a:9:{s:9:"TIMESTAMP";s:20:"2016-03-23T01:17:42Z";s:13:"CORRELATIONID";s:13:"f31c0e15ba6ea";s:3:"ACK";s:7:"Failure";s:7:"VERSION";s:5:"109.0";s:5:"BUILD";s:8:"20987449";s:12:"L_ERRORCODE0";s:5:"10002";s:15:"L_SHORTMESSAGE0";s:14:"Security error";s:14:"L_LONGMESSAGE0";s:28:"Security header is not valid";s:15:"L_SEVERITYCODE0";s:5:"Error";}
2016-03-23 1:28:35 - PayPal Express debug (Call data): {"METHOD":"SetExpressCheckout","MAXAMT":"0.00","RETURNURL":"http:\/\/vkline.com\/index.php?route=payment\/pp_express\/checkoutReturn","CANCELURL":"http:\/\/vkline.com\/index.php?route=checkout\/checkout","REQCONFIRMSHIPPING":0,"NOSHIPPING":0,"LOCALECODE":"EN","LANDINGPAGE":"Login","HDRIMG":null,"PAYFLOWCOLOR":"","CHANNELTYPE":"Merchant","ALLOWNOTE":"1","PAYMENTREQUEST_0_SHIPTONAME":"Rohan Morris","PAYMENTREQUEST_0_SHIPTOSTREET":"8 park lane","PAYMENTREQUEST_0_SHIPTOSTREET2":"","PAYMENTREQUEST_0_SHIPTOCITY":"kingston 5","PAYMENTREQUEST_0_SHIPTOSTATE":"Saint Andrew Parish","PAYMENTREQUEST_0_SHIPTOZIP":"","PAYMENTREQUEST_0_SHIPTOCOUNTRYCODE":"JM","PAYMENTREQUEST_0_SHIPPINGAMT":"","PAYMENTREQUEST_0_CURRENCYCODE":"USD","PAYMENTREQUEST_0_PAYMENTACTION":"Sale","L_PAYMENTREQUEST_0_DESC0":false,"L_PAYMENTREQUEST_0_NAME0":"Worl Boss","L_PAYMENTREQUEST_0_NUMBER0":"Worl Boss","L_PAYMENTREQUEST_0_AMT0":"0.00","L_PAYMENTREQUEST_0_QTY0":"1","L_PAYMENTREQUEST_0_ITEMURL0":"http:\/\/vkline.com\/index.php?route=product\/product&amp;product_id=49","L_PAYMENTREQUEST_0_ITEMWEIGHTVALUE0":"0.00","L_PAYMENTREQUEST_0_ITEMWEIGHTUNIT0":"lb","L_PAYMENTREQUEST_0_NUMBER1":"shipping","L_PAYMENTREQUEST_0_NAME1":"Flat Shipping Rate","L_PAYMENTREQUEST_0_AMT1":"0.99","L_PAYMENTREQUEST_0_QTY1":1,"PAYMENTREQUEST_0_ITEMAMT":"0.99","PAYMENTREQUEST_0_AMT":"0.99"}
2016-03-23 1:28:36 - PayPal Express debug (Result): "TOKEN=EC%2d4DK002138N446884C&TIMESTAMP=2016%2d03%2d23T01%3a28%3a36Z&CORRELATIONID=b381504ed23e7&ACK=Success&VERSION=109%2e0&BUILD=20987449"
2016-03-23 1:38:58 - PHP Notice:  Undefined variable: config_simple_blog_status in /home/ibuybl5/public_html/IBUYBL5.com/system/storage/modification/admin/view/template/setting/setting.tpl on line 1604
2016-03-23 1:41:42 - PHP Notice:  Undefined variable: config_simple_blog_status in /home/ibuybl5/public_html/IBUYBL5.com/system/storage/modification/admin/view/template/setting/setting.tpl on line 1604
2016-03-23 19:14:31 - PHP Notice:  Error: DATA not accepted from server! in /home/ibuybl5/public_html/IBUYBL5.com/system/library/mail.php on line 418
2016-03-23 19:15:23 - PHP Notice:  Undefined variable: config_simple_blog_status in /home/ibuybl5/public_html/IBUYBL5.com/system/storage/modification/admin/view/template/setting/setting.tpl on line 1604
2016-03-25 4:05:38 - PHP Notice:  Undefined index: article_title in /home/ibuybl5/public_html/IBUYBL5.com/catalog/controller/simple_blog/article.php on line 363
2016-03-25 23:45:27 - PHP Notice:  Undefined index: article_title in /home/ibuybl5/public_html/IBUYBL5.com/catalog/controller/simple_blog/article.php on line 363
2016-03-25 23:48:13 - PHP Notice:  Undefined index: header-login-redirect in /home/ibuybl5/public_html/IBUYBL5.com/catalog/controller/module/tm_header_login.php on line 109
2016-03-25 23:48:28 - PHP Notice:  Undefined index: header-login-redirect in /home/ibuybl5/public_html/IBUYBL5.com/catalog/controller/module/tm_header_login.php on line 109
2016-03-25 23:49:12 - PHP Notice:  Undefined index: header-login-redirect in /home/ibuybl5/public_html/IBUYBL5.com/catalog/controller/module/tm_header_login.php on line 109
2016-03-25 23:49:35 - PHP Notice:  Undefined index: header-login-redirect in /home/ibuybl5/public_html/IBUYBL5.com/catalog/controller/module/tm_header_login.php on line 109
2016-03-25 23:49:58 - PHP Notice:  Undefined index: header-login-redirect in /home/ibuybl5/public_html/IBUYBL5.com/catalog/controller/module/tm_header_login.php on line 109
2016-03-25 23:50:27 - PHP Notice:  Undefined index: header-login-redirect in /home/ibuybl5/public_html/IBUYBL5.com/catalog/controller/module/tm_header_login.php on line 109
2016-03-25 23:52:07 - PHP Notice:  Undefined index: header-login-redirect in /home/ibuybl5/public_html/IBUYBL5.com/catalog/controller/module/tm_header_login.php on line 109
2016-03-25 23:52:38 - PHP Notice:  Undefined index: header-login-redirect in /home/ibuybl5/public_html/IBUYBL5.com/catalog/controller/module/tm_header_login.php on line 109
2016-03-25 23:52:38 - PHP Notice:  Undefined index: header-login-redirect in /home/ibuybl5/public_html/IBUYBL5.com/catalog/controller/module/tm_header_login.php on line 109
2016-03-25 23:53:07 - PHP Notice:  Undefined index: header-login-redirect in /home/ibuybl5/public_html/IBUYBL5.com/catalog/controller/module/tm_header_login.php on line 109
2016-03-25 23:53:20 - PHP Notice:  Undefined index: header-login-redirect in /home/ibuybl5/public_html/IBUYBL5.com/catalog/controller/module/tm_header_login.php on line 109
2016-03-25 23:53:26 - PHP Notice:  Undefined index: article_title in /home/ibuybl5/public_html/IBUYBL5.com/catalog/controller/simple_blog/article.php on line 363
2016-03-25 23:53:26 - PHP Notice:  Undefined index: header-login-redirect in /home/ibuybl5/public_html/IBUYBL5.com/catalog/controller/module/tm_header_login.php on line 109
2016-03-25 23:53:51 - PHP Notice:  Undefined index: header-login-redirect in /home/ibuybl5/public_html/IBUYBL5.com/catalog/controller/module/tm_header_login.php on line 109
2016-03-25 23:54:18 - PHP Notice:  Undefined index: header-login-redirect in /home/ibuybl5/public_html/IBUYBL5.com/catalog/controller/module/tm_header_login.php on line 109
2016-03-25 23:54:29 - PHP Notice:  Undefined index: header-login-redirect in /home/ibuybl5/public_html/IBUYBL5.com/catalog/controller/module/tm_header_login.php on line 109
2016-03-25 23:54:31 - PHP Notice:  Undefined index: header-login-redirect in /home/ibuybl5/public_html/IBUYBL5.com/catalog/controller/module/tm_header_login.php on line 109
2016-03-25 23:54:32 - PHP Notice:  Undefined index: header-login-redirect in /home/ibuybl5/public_html/IBUYBL5.com/catalog/controller/module/tm_header_login.php on line 109
2016-03-26 0:08:10 - PHP Notice:  Undefined index: header-login-redirect in /home/ibuybl5/public_html/IBUYBL5.com/catalog/controller/module/tm_header_login.php on line 109
2016-03-27 1:27:53 - PHP Notice:  Undefined index: article_title in /home/ibuybl5/public_html/IBUYBL5.com/catalog/controller/simple_blog/article.php on line 363
2016-03-28 1:42:55 - PHP Notice:  Undefined index: article_title in /home/ibuybl5/public_html/IBUYBL5.com/catalog/controller/simple_blog/article.php on line 363
2016-03-28 1:43:20 - PHP Notice:  Undefined index: article_title in /home/ibuybl5/public_html/IBUYBL5.com/catalog/controller/simple_blog/article.php on line 363
2016-03-28 14:27:46 - PHP Notice:  Undefined variable: description in /home/ibuybl5/public_html/IBUYBL5.com/catalog/view/theme/theme638/template/module/tm_newsletter.tpl on line 7
2016-03-28 14:32:08 - PHP Notice:  Undefined index: header-login-redirect in /home/ibuybl5/public_html/IBUYBL5.com/catalog/controller/module/tm_header_login.php on line 109
2016-03-28 14:33:09 - PHP Notice:  Undefined index: header-login-redirect in /home/ibuybl5/public_html/IBUYBL5.com/catalog/controller/module/tm_header_login.php on line 109
2016-03-28 14:35:22 - PHP Notice:  Undefined index: header-login-redirect in /home/ibuybl5/public_html/IBUYBL5.com/catalog/controller/module/tm_header_login.php on line 109
2016-03-28 14:35:57 - PHP Notice:  Undefined index: header-login-redirect in /home/ibuybl5/public_html/IBUYBL5.com/catalog/controller/module/tm_header_login.php on line 109
2016-03-28 14:37:16 - PHP Notice:  Undefined index: header-login-redirect in /home/ibuybl5/public_html/IBUYBL5.com/catalog/controller/module/tm_header_login.php on line 109
2016-03-28 14:39:52 - PHP Notice:  Undefined index: newsletter_popup_cookie in /home/ibuybl5/public_html/IBUYBL5.com/catalog/controller/module/tm_newsletter_popup.php on line 68
2016-03-28 14:39:52 - PHP Notice:  Undefined index: newsletter_popup_bg_width in /home/ibuybl5/public_html/IBUYBL5.com/catalog/controller/module/tm_newsletter_popup.php on line 71
2016-03-28 14:39:52 - PHP Notice:  Undefined index: newsletter_popup_bg_height in /home/ibuybl5/public_html/IBUYBL5.com/catalog/controller/module/tm_newsletter_popup.php on line 72
2016-03-28 14:39:52 - PHP Notice:  Undefined index: newsletter_popup_bg in /home/ibuybl5/public_html/IBUYBL5.com/catalog/controller/module/tm_newsletter_popup.php on line 73
2016-03-28 14:39:52 - PHP Notice:  Undefined variable: html in /home/ibuybl5/public_html/IBUYBL5.com/catalog/view/theme/theme638/template/module/tm_newsletter_popup.tpl on line 18
2016-03-28 14:40:34 - PHP Notice:  Undefined index: header-login-redirect in /home/ibuybl5/public_html/IBUYBL5.com/catalog/controller/module/tm_header_login.php on line 109
2016-03-28 14:40:48 - PHP Notice:  Undefined index: header-login-redirect in /home/ibuybl5/public_html/IBUYBL5.com/catalog/controller/module/tm_header_login.php on line 109
2016-03-28 14:41:53 - PHP Notice:  Undefined index: header-login-redirect in /home/ibuybl5/public_html/IBUYBL5.com/catalog/controller/module/tm_header_login.php on line 109
2016-03-28 14:41:56 - PHP Notice:  Undefined index: header-login-redirect in /home/ibuybl5/public_html/IBUYBL5.com/catalog/controller/module/tm_header_login.php on line 109
2016-03-28 14:42:12 - PHP Notice:  Undefined index: header-login-redirect in /home/ibuybl5/public_html/IBUYBL5.com/catalog/controller/module/tm_header_login.php on line 109
2016-03-29 4:45:56 - PHP Notice:  Undefined index: article_title in /home/ibuybl5/public_html/IBUYBL5.com/catalog/controller/simple_blog/article.php on line 363
2016-03-29 4:45:56 - PHP Notice:  Undefined index: article_title in /home/ibuybl5/public_html/IBUYBL5.com/catalog/controller/simple_blog/article.php on line 363
2016-03-29 17:33:06 - PHP Notice:  Undefined index: article_title in /home/ibuybl5/public_html/IBUYBL5.com/catalog/controller/simple_blog/article.php on line 363
2016-03-30 3:06:57 - PHP Notice:  Undefined index: header-login-redirect in /home/ibuybl5/public_html/IBUYBL5.com/catalog/controller/module/tm_header_login.php on line 109
2016-03-30 3:06:58 - PHP Notice:  Undefined index: header-login-redirect in /home/ibuybl5/public_html/IBUYBL5.com/catalog/controller/module/tm_header_login.php on line 109
2016-03-30 11:03:07 - PHP Notice:  Undefined index: article_title in /home/ibuybl5/public_html/IBUYBL5.com/catalog/controller/simple_blog/article.php on line 363
2016-03-30 11:03:16 - PHP Notice:  Undefined index: article_title in /home/ibuybl5/public_html/IBUYBL5.com/catalog/controller/simple_blog/article.php on line 363
2016-04-01 21:28:20 - PHP Notice:  Undefined index: article_title in /home/ibuybl5/public_html/IBUYBL5.com/catalog/controller/simple_blog/article.php on line 363
2016-04-01 21:28:23 - PHP Notice:  Undefined index: article_title in /home/ibuybl5/public_html/IBUYBL5.com/catalog/controller/simple_blog/article.php on line 363
2016-04-02 5:21:09 - PHP Notice:  Undefined index: article_title in /home/ibuybl5/public_html/IBUYBL5.com/catalog/controller/simple_blog/article.php on line 363
2016-04-02 5:40:02 - PHP Notice:  Undefined index: article_title in /home/ibuybl5/public_html/IBUYBL5.com/catalog/controller/simple_blog/article.php on line 363
2016-04-04 8:30:32 - PHP Notice:  Undefined index: article_title in /home/ibuybl5/public_html/IBUYBL5.com/catalog/controller/simple_blog/article.php on line 363
2016-04-04 8:30:33 - PHP Notice:  Undefined index: article_title in /home/ibuybl5/public_html/IBUYBL5.com/catalog/controller/simple_blog/article.php on line 363
2016-04-08 18:54:31 - PHP Notice:  Undefined index: article_title in /home/ibuybl5/public_html/IBUYBL5.com/catalog/controller/simple_blog/article.php on line 363
2016-04-08 18:54:33 - PHP Notice:  Undefined index: article_title in /home/ibuybl5/public_html/IBUYBL5.com/catalog/controller/simple_blog/article.php on line 363
2016-04-09 20:13:50 - PHP Notice:  Undefined variable: config_simple_blog_status in /home/ibuybl5/public_html/IBUYBL5.com/system/storage/modification/admin/view/template/setting/setting.tpl on line 1604
2016-04-14 3:29:02 - PHP Notice:  Undefined variable: config_simple_blog_status in /home/ibuybl5/public_html/IBUYBL5.com/system/storage/modification/admin/view/template/setting/setting.tpl on line 1604
2016-04-16 21:33:39 - PHP Notice:  Undefined index: article_title in /home/ibuybl5/public_html/IBUYBL5.com/catalog/controller/simple_blog/article.php on line 363
2016-04-19 18:27:51 - PHP Notice:  Undefined index: article_title in /home/ibuybl5/public_html/IBUYBL5.com/catalog/controller/simple_blog/article.php on line 363
2016-04-20 9:53:15 - PHP Warning:  unlink(/home/ibuybl5/public_html/IBUYBL5.com/system/storage/cache/cache.product.bestseller.1.0.1.2.1461149461): No such file or directory in /home/ibuybl5/public_html/IBUYBL5.com/system/library/cache/file.php on line 68
2016-04-20 19:00:56 - PHP Notice:  Undefined index: article_title in /home/ibuybl5/public_html/IBUYBL5.com/catalog/controller/simple_blog/article.php on line 363
2016-04-20 23:11:16 - PHP Notice:  Undefined index: article_title in /home/ibuybl5/public_html/IBUYBL5.com/catalog/controller/simple_blog/article.php on line 363
2016-04-21 8:07:06 - PHP Notice:  Undefined index: article_title in /home/ibuybl5/public_html/IBUYBL5.com/catalog/controller/simple_blog/article.php on line 363
2016-04-25 13:33:00 - PHP Notice:  Undefined index: article_title in /home/ibuybl5/public_html/IBUYBL5.com/catalog/controller/simple_blog/article.php on line 363
2016-04-27 22:03:33 - PHP Notice:  Undefined index: article_title in /home/ibuybl5/public_html/IBUYBL5.com/catalog/controller/simple_blog/article.php on line 363
2016-05-04 11:53:06 - PHP Notice:  Undefined index: article_title in /home/ibuybl5/public_html/IBUYBL5.com/catalog/controller/simple_blog/article.php on line 363
2016-05-10 13:12:28 - PHP Notice:  Undefined variable: description in /home/ibuybl5/public_html/IBUYBL5.com/catalog/view/theme/theme638/template/module/tm_newsletter.tpl on line 7
2016-05-18 4:57:10 - PHP Notice:  Undefined variable: description in /home/ibuybl5/public_html/IBUYBL5.com/catalog/view/theme/theme638/template/module/tm_newsletter.tpl on line 5
2016-05-18 4:57:10 - PHP Notice:  Undefined variable: description in /home/ibuybl5/public_html/IBUYBL5.com/catalog/view/theme/theme638/template/module/tm_newsletter.tpl on line 8
2016-05-18 4:57:10 - PHP Notice:  Undefined variable: description in /home/ibuybl5/public_html/IBUYBL5.com/catalog/view/theme/theme638/template/module/tm_newsletter.tpl on line 8
2016-05-20 1:21:56 - PHP Notice:  Undefined variable: config_simple_blog_status in /home/ibuybl5/public_html/IBUYBL5.com/system/storage/modification/admin/view/template/setting/setting.tpl on line 1604
2016-05-20 1:24:05 - PHP Notice:  Undefined variable: config_simple_blog_status in /home/ibuybl5/public_html/IBUYBL5.com/system/storage/modification/admin/view/template/setting/setting.tpl on line 1604
2016-05-20 1:34:33 - PHP Notice:  Undefined variable: config_simple_blog_status in /home/ibuybl5/public_html/IBUYBL5.com/system/storage/modification/admin/view/template/setting/setting.tpl on line 1604
2016-05-20 1:57:04 - PHP Notice:  Undefined variable: config_simple_blog_status in /home/ibuybl5/public_html/IBUYBL5.com/system/storage/modification/admin/view/template/setting/setting.tpl on line 1604
2016-05-20 1:57:53 - PHP Notice:  Undefined variable: config_simple_blog_status in /home/ibuybl5/public_html/IBUYBL5.com/system/storage/modification/admin/view/template/setting/setting.tpl on line 1604
2016-05-20 1:58:49 - PHP Notice:  Undefined variable: config_simple_blog_status in /home/ibuybl5/public_html/IBUYBL5.com/system/storage/modification/admin/view/template/setting/setting.tpl on line 1604
2016-05-20 2:04:56 - PHP Notice:  Undefined variable: config_simple_blog_status in /home/ibuybl5/public_html/IBUYBL5.com/system/storage/modification/admin/view/template/setting/setting.tpl on line 1604
2016-05-20 2:05:51 - PHP Notice:  Undefined variable: config_simple_blog_status in /home/ibuybl5/public_html/IBUYBL5.com/system/storage/modification/admin/view/template/setting/setting.tpl on line 1604
2016-05-26 5:52:43 - PHP Notice:  Undefined variable: description in /home/ibuybl5/public_html/IBUYBL5.com/catalog/view/theme/theme638/template/module/tm_newsletter.tpl on line 7
2016-05-26 5:54:13 - PHP Notice:  Undefined variable: description in /home/ibuybl5/public_html/IBUYBL5.com/catalog/view/theme/theme638/template/module/tm_newsletter.tpl on line 7
2016-05-27 1:23:33 - PHP Notice:  Undefined variable: config_simple_blog_status in /home/ibuybl5/public_html/IBUYBL5.com/system/storage/modification/admin/view/template/setting/setting.tpl on line 1604
2016-05-27 1:30:51 - PHP Notice:  Undefined variable: config_simple_blog_status in /home/ibuybl5/public_html/IBUYBL5.com/system/storage/modification/admin/view/template/setting/setting.tpl on line 1604
2016-05-27 1:32:13 - PHP Notice:  Undefined variable: config_simple_blog_status in /home/ibuybl5/public_html/IBUYBL5.com/system/storage/modification/admin/view/template/setting/setting.tpl on line 1604
2016-05-27 1:33:10 - PHP Notice:  Undefined variable: config_simple_blog_status in /home/ibuybl5/public_html/IBUYBL5.com/system/storage/modification/admin/view/template/setting/setting.tpl on line 1604
2016-05-27 5:38:55 - PHP Notice:  Undefined index: article_title in /home/ibuybl5/public_html/IBUYBL5.com/catalog/controller/simple_blog/article.php on line 363
2016-05-27 5:38:57 - PHP Notice:  Undefined index: article_title in /home/ibuybl5/public_html/IBUYBL5.com/catalog/controller/simple_blog/article.php on line 363
2016-05-27 13:36:58 - PHP Notice:  Undefined variable: config_simple_blog_status in /home/ibuybl5/public_html/IBUYBL5.com/system/storage/modification/admin/view/template/setting/setting.tpl on line 1604
2016-05-27 13:38:32 - PHP Notice:  Undefined variable: config_simple_blog_status in /home/ibuybl5/public_html/IBUYBL5.com/system/storage/modification/admin/view/template/setting/setting.tpl on line 1604
2016-05-27 14:02:16 - PHP Notice:  Undefined variable: description in /home/ibuybl5/public_html/IBUYBL5.com/catalog/view/theme/theme638/template/module/tm_newsletter.tpl on line 7
2016-05-27 14:14:16 - PHP Notice:  Undefined variable: description in /home/ibuybl5/public_html/IBUYBL5.com/catalog/view/theme/theme638/template/module/tm_newsletter.tpl on line 7
2016-05-27 14:46:28 - PHP Notice:  Undefined variable: description in /home/ibuybl5/public_html/IBUYBL5.com/catalog/view/theme/theme638/template/module/tm_newsletter.tpl on line 7
2016-05-27 16:02:40 - PHP Notice:  Undefined variable: description in /home/ibuybl5/public_html/IBUYBL5.com/catalog/view/theme/theme638/template/module/tm_newsletter.tpl on line 7
2016-05-27 18:24:31 - PHP Notice:  Undefined variable: description in /home/ibuybl5/public_html/IBUYBL5.com/catalog/view/theme/theme638/template/module/tm_newsletter.tpl on line 7
2016-05-27 20:15:54 - PHP Notice:  Undefined variable: description in /home/ibuybl5/public_html/IBUYBL5.com/catalog/view/theme/theme638/template/module/tm_newsletter.tpl on line 7
2016-05-27 20:22:57 - PHP Notice:  Undefined variable: description in /home/ibuybl5/public_html/IBUYBL5.com/catalog/view/theme/theme638/template/module/tm_newsletter.tpl on line 7
2016-05-27 20:24:32 - PHP Notice:  Undefined variable: description in /home/ibuybl5/public_html/IBUYBL5.com/catalog/view/theme/theme638/template/module/tm_newsletter.tpl on line 7
2016-05-27 21:05:30 - PHP Notice:  Undefined variable: description in /home/ibuybl5/public_html/IBUYBL5.com/catalog/view/theme/theme638/template/module/tm_newsletter.tpl on line 7
2016-05-27 21:06:51 - PHP Notice:  Undefined variable: description in /home/ibuybl5/public_html/IBUYBL5.com/catalog/view/theme/theme638/template/module/tm_newsletter.tpl on line 7
2016-05-27 21:09:24 - PHP Notice:  Undefined variable: description in /home/ibuybl5/public_html/IBUYBL5.com/catalog/view/theme/theme638/template/module/tm_newsletter.tpl on line 7
2016-05-27 21:21:15 - PHP Notice:  Undefined variable: description in /home/ibuybl5/public_html/IBUYBL5.com/catalog/view/theme/theme638/template/module/tm_newsletter.tpl on line 7
2016-05-27 22:31:14 - PHP Notice:  Undefined variable: description in /home/ibuybl5/public_html/IBUYBL5.com/catalog/view/theme/theme638/template/module/tm_newsletter.tpl on line 7
2016-05-27 23:01:15 - PHP Notice:  Undefined variable: description in /home/ibuybl5/public_html/IBUYBL5.com/catalog/view/theme/theme638/template/module/tm_newsletter.tpl on line 7
2016-05-28 1:10:47 - PHP Notice:  Undefined variable: description in /home/ibuybl5/public_html/IBUYBL5.com/catalog/view/theme/theme638/template/module/tm_newsletter.tpl on line 7
2016-05-28 3:48:55 - PHP Notice:  Undefined variable: description in /home/ibuybl5/public_html/IBUYBL5.com/catalog/view/theme/theme638/template/module/tm_newsletter.tpl on line 7
2016-05-28 3:48:59 - PHP Notice:  Undefined variable: description in /home/ibuybl5/public_html/IBUYBL5.com/catalog/view/theme/theme638/template/module/tm_newsletter.tpl on line 7
2016-05-28 7:57:20 - PHP Notice:  Undefined variable: description in /home/ibuybl5/public_html/IBUYBL5.com/catalog/view/theme/theme638/template/module/tm_newsletter.tpl on line 7
2016-05-28 12:13:06 - PHP Notice:  Undefined variable: description in /home/ibuybl5/public_html/IBUYBL5.com/catalog/view/theme/theme638/template/module/tm_newsletter.tpl on line 7
2016-05-28 17:10:31 - PHP Notice:  Undefined variable: description in /home/ibuybl5/public_html/IBUYBL5.com/catalog/view/theme/theme638/template/module/tm_newsletter.tpl on line 7
